[0415/215100.113:ERROR:process_reader_win.cc(151)] SuspendThread: Отказано в доступе. (0x5)
[0415/215100.115:ERROR:exception_snapshot_win.cc(98)] thread ID 12780 not found in process
[0415/221714.683:ERROR:process_reader_win.cc(151)] SuspendThread: Отказано в доступе. (0x5)
[0415/221714.683:ERROR:process_reader_win.cc(151)] SuspendThread: Отказано в доступе. (0x5)
[0415/221714.684:ERROR:process_reader_win.cc(151)] SuspendThread: Отказано в доступе. (0x5)
[0415/221714.724:ERROR:process_memory_win.cc(73)] ReadMemory at 0x7ff76ab60000 of 64 bytes failed: Запрос ReadProcessMemory или WriteProcessMemory был выполнен только частично. (0x12B)
[0415/221714.724:WARNING:pe_image_reader.cc(340)] could not read dos header from C:\Program Files (x86)\Google\Chrome\Application\chrome.exe
[0415/221714.739:ERROR:process_memory_win.cc(73)] ReadMemory at 0x7ffddeba0000 of 64 bytes failed: Запрос ReadProcessMemory или WriteProcessMemory был выполнен только частично. (0x12B)
[0415/221714.739:WARNING:pe_image_reader.cc(340)] could not read dos header from C:\Windows\SYSTEM32\ntdll.dll
[0415/221714.739:ERROR:process_memory_win.cc(73)] ReadMemory at 0x7ffdde320000 of 64 bytes failed: Запрос ReadProcessMemory или WriteProcessMemory был выполнен только частично. (0x12B)
[0415/221714.739:WARNING:pe_image_reader.cc(340)] could not read dos header from C:\Windows\System32\KERNEL32.dll
[0415/221714.739:ERROR:process_memory_win.cc(73)] ReadMemory at 0x7ffddc9a0000 of 64 bytes failed: Запрос ReadProcessMemory или WriteProcessMemory был выполнен только частично. (0x12B)
[0415/221714.739:WARNING:pe_image_reader.cc(340)] could not read dos header from C:\Windows\System32\KERNELBASE.dll
[0415/221714.739:ERROR:process_memory_win.cc(73)] ReadMemory at 0x7ffd9fcc0000 of 64 bytes failed: Запрос ReadProcessMemory или WriteProcessMemory был выполнен только частично. (0x12B)
[0415/221714.739:WARNING:pe_image_reader.cc(340)] could not read dos header from C:\Program Files (x86)\Google\Chrome\Application\81.0.4044.92\chrome_elf.dll
[0415/221714.739:ERROR:process_memory_win.cc(73)] ReadMemory at 0x7ffdd61f0000 of 64 bytes failed: Запрос ReadProcessMemory или WriteProcessMemory был выполнен только частично. (0x12B)
[0415/221714.739:WARNING:pe_image_reader.cc(340)] could not read dos header from C:\Windows\SYSTEM32\VERSION.dll
[0415/221714.739:ERROR:process_memory_win.cc(73)] ReadMemory at 0x7ffddd310000 of 64 bytes failed: Запрос ReadProcessMemory или WriteProcessMemory был выполнен только частично. (0x12B)
[0415/221714.739:WARNING:pe_image_reader.cc(340)] could not read dos header from C:\Windows\System32\msvcrt.dll
[0415/221714.739:ERROR:process_memory_win.cc(73)] ReadMemory at 0x7ffddc750000 of 64 bytes failed: Запрос ReadProcessMemory или WriteProcessMemory был выполнен только частично. (0x12B)
[0415/221714.739:WARNING:pe_image_reader.cc(340)] could not read dos header from C:\Windows\System32\bcryptPrimitives.dll
[0415/221714.739:ERROR:process_memory_win.cc(73)] ReadMemory at 0x7ffdde1d0000 of 64 bytes failed: Запрос ReadProcessMemory или WriteProcessMemory был выполнен только частично. (0x12B)
[0415/221714.739:WARNING:pe_image_reader.cc(340)] could not read dos header from C:\Windows\System32\ADVAPI32.dll
[0415/221714.739:ERROR:process_memory_win.cc(73)] ReadMemory at 0x7ffddd3b0000 of 64 bytes failed: Запрос ReadProcessMemory или WriteProcessMemory был выполнен только частично. (0x12B)
[0415/221714.739:WARNING:pe_image_reader.cc(340)] could not read dos header from C:\Windows\System32\sechost.dll
[0415/221714.739:ERROR:process_memory_win.cc(73)] ReadMemory at 0x7ffddcf50000 of 64 bytes failed: Запрос ReadProcessMemory или WriteProcessMemory был выполнен только частично. (0x12B)
[0415/221714.739:WARNING:pe_image_reader.cc(340)] could not read dos header from C:\Windows\System32\RPCRT4.dll
[0415/221714.739:ERROR:process_memory_win.cc(73)] ReadMemory at 0x7ffd7b200000 of 64 bytes failed: Запрос ReadProcessMemory или WriteProcessMemory был выполнен только частично. (0x12B)
[0415/221714.739:WARNING:pe_image_reader.cc(340)] could not read dos header from C:\Program Files (x86)\Google\Chrome\Application\81.0.4044.92\chrome.dll
[0415/221714.739:ERROR:process_memory_win.cc(73)] ReadMemory at 0x7ffdde090000 of 64 bytes failed: Запрос ReadProcessMemory или WriteProcessMemory был выполнен только частично. (0x12B)
[0415/221714.739:WARNING:pe_image_reader.cc(340)] could not read dos header from C:\Windows\System32\WS2_32.dll
[0415/221714.739:ERROR:process_memory_win.cc(73)] ReadMemory at 0x7ffdde100000 of 64 bytes failed: Запрос ReadProcessMemory или WriteProcessMemory был выполнен только частично. (0x12B)
[0415/221714.739:WARNING:pe_image_reader.cc(340)] could not read dos header from C:\Windows\System32\OLEAUT32.dll
[0415/221714.739:ERROR:process_memory_win.cc(73)] ReadMemory at 0x7ffddc3c0000 of 64 bytes failed: Запрос ReadProcessMemory или WriteProcessMemory был выполнен только частично. (0x12B)
[0415/221714.739:WARNING:pe_image_reader.cc(340)] could not read dos header from C:\Windows\System32\msvcp_win.dll
[0415/221714.740:ERROR:process_memory_win.cc(73)] ReadMemory at 0x7ffddc460000 of 64 bytes failed: Запрос ReadProcessMemory или WriteProcessMemory был выполнен только частично. (0x12B)
[0415/221714.740:WARNING:pe_image_reader.cc(340)] could not read dos header from C:\Windows\System32\ucrtbase.dll
[0415/221714.740:ERROR:process_memory_win.cc(73)] ReadMemory at 0x7ffdddc70000 of 64 bytes failed: Запрос ReadProcessMemory или WriteProcessMemory был выполнен только частично. (0x12B)
[0415/221714.740:WARNING:pe_image_reader.cc(340)] could not read dos header from C:\Windows\System32\combase.dll
[0415/221714.740:ERROR:process_memory_win.cc(73)] ReadMemory at 0x7ffddbbe0000 of 64 bytes failed: Запрос ReadProcessMemory или WriteProcessMemory был выполнен только частично. (0x12B)
[0415/221714.740:WARNING:pe_image_reader.cc(340)] could not read dos header from C:\Windows\System32\WINTRUST.dll
[0415/221714.740:ERROR:process_memory_win.cc(73)] ReadMemory at 0x7ffddbae0000 of 64 bytes failed: Запрос ReadProcessMemory или WriteProcessMemory был выполнен только частично. (0x12B)
[0415/221714.740:WARNING:pe_image_reader.cc(340)] could not read dos header from C:\Windows\System32\MSASN1.dll
[0415/221714.740:ERROR:process_memory_win.cc(73)] ReadMemory at 0x7ffddc590000 of 64 bytes failed: Запрос ReadProcessMemory или WriteProcessMemory был выполнен только частично. (0x12B)
[0415/221714.740:WARNING:pe_image_reader.cc(340)] could not read dos header from C:\Windows\System32\CRYPT32.dll
[0415/221714.740:ERROR:process_memory_win.cc(73)] ReadMemory at 0x7ffddaf80000 of 64 bytes failed: Запрос ReadProcessMemory или WriteProcessMemory был выполнен только частично. (0x12B)
[0415/221714.740:WARNING:pe_image_reader.cc(340)] could not read dos header from C:\Windows\SYSTEM32\IPHLPAPI.DLL
[0415/221714.740:ERROR:process_memory_win.cc(73)] ReadMemory at 0x7ffdd99b0000 of 64 bytes failed: Запрос ReadProcessMemory или WriteProcessMemory был выполнен только частично. (0x12B)
[0415/221714.740:WARNING:pe_image_reader.cc(340)] could not read dos header from C:\Windows\SYSTEM32\WINMM.dll
[0415/221714.740:ERROR:process_memory_win.cc(73)] ReadMemory at 0x7ffdc9b10000 of 64 bytes failed: Запрос ReadProcessMemory или WriteProcessMemory был выполнен только частично. (0x12B)
[0415/221714.740:WARNING:pe_image_reader.cc(340)] could not read dos header from C:\Windows\SYSTEM32\Secur32.dll
[0415/221714.740:ERROR:process_memory_win.cc(73)] ReadMemory at 0x7ffddb980000 of 64 bytes failed: Запрос ReadProcessMemory или WriteProcessMemory был выполнен только частично. (0x12B)
[0415/221714.740:WARNING:pe_image_reader.cc(340)] could not read dos header from C:\Windows\SYSTEM32\USERENV.dll
[0415/221714.740:ERROR:process_memory_win.cc(73)] ReadMemory at 0x7ffddbb00000 of 64 bytes failed: Запрос ReadProcessMemory или WriteProcessMemory был выполнен только частично. (0x12B)
[0415/221714.740:WARNING:pe_image_reader.cc(340)] could not read dos header from C:\Windows\System32\profapi.dll
[0415/221714.740:ERROR:process_memory_win.cc(73)] ReadMemory at 0x7ffdb50b0000 of 64 bytes failed: Запрос ReadProcessMemory или WriteProcessMemory был выполнен только частично. (0x12B)
[0415/221714.740:WARNING:pe_image_reader.cc(340)] could not read dos header from C:\Windows\SYSTEM32\UIAutomationCore.DLL
[0415/221714.740:ERROR:process_memory_win.cc(73)] ReadMemory at 0x7ffdc9f40000 of 64 bytes failed: Запрос ReadProcessMemory или WriteProcessMemory был выполнен только частично. (0x12B)
[0415/221714.740:WARNING:pe_image_reader.cc(340)] could not read dos header from C:\Windows\SYSTEM32\DWrite.dll
[0415/221714.740:ERROR:process_memory_win.cc(73)] ReadMemory at 0x7ffdd2db0000 of 64 bytes failed: Запрос ReadProcessMemory или WriteProcessMemory был выполнен только частично. (0x12B)
[0415/221714.740:WARNING:pe_image_reader.cc(340)] could not read dos header from C:\Windows\SYSTEM32\WINSPOOL.DRV
[0415/221714.740:ERROR:process_memory_win.cc(73)] ReadMemory at 0x7ffddba70000 of 64 bytes failed: Запрос ReadProcessMemory или WriteProcessMemory был выполнен только частично. (0x12B)
[0415/221714.740:WARNING:pe_image_reader.cc(340)] could not read dos header from C:\Windows\System32\kernel.appcore.dll
[0415/221714.740:ERROR:process_memory_win.cc(73)] ReadMemory at 0x7ffddc560000 of 64 bytes failed: Запрос ReadProcessMemory или WriteProcessMemory был выполнен только частично. (0x12B)
[0415/221714.740:WARNING:pe_image_reader.cc(340)] could not read dos header from C:\Windows\System32\bcrypt.dll
[0415/221714.740:ERROR:process_memory_win.cc(73)] ReadMemory at 0x7ffdd5740000 of 64 bytes failed: Запрос ReadProcessMemory или WriteProcessMemory был выполнен только частично. (0x12B)
[0415/221714.740:WARNING:pe_image_reader.cc(340)] could not read dos header from C:\Windows\SYSTEM32\dbghelp.dll
[0415/221714.740:ERROR:process_memory_win.cc(73)] ReadMemory at 0x7ffdd39b0000 of 64 bytes failed: Запрос ReadProcessMemory или WriteProcessMemory был выполнен только частично. (0x12B)
[0415/221714.740:WARNING:pe_image_reader.cc(340)] could not read dos header from C:\Windows\SYSTEM32\WINHTTP.dll
[0415/221714.740:ERROR:process_memory_win.cc(73)] ReadMemory at 0x7ffdd6180000 of 64 bytes failed: Запрос ReadProcessMemory или WriteProcessMemory был выполнен только частично. (0x12B)
[0415/221714.740:WARNING:pe_image_reader.cc(340)] could not read dos header from C:\Windows\SYSTEM32\dhcpcsvc.DLL
[0415/221714.740:ERROR:process_memory_win.cc(73)] ReadMemory at 0x7ffdde3e0000 of 64 bytes failed: Запрос ReadProcessMemory или WriteProcessMemory был выполнен только частично. (0x12B)
[0415/221714.740:WARNING:pe_image_reader.cc(340)] could not read dos header from C:\Windows\System32\NSI.dll
[0415/221714.740:ERROR:process_memory_win.cc(73)] ReadMemory at 0x7ffdd9980000 of 64 bytes failed: Запрос ReadProcessMemory или WriteProcessMemory был выполнен только частично. (0x12B)
[0415/221714.740:WARNING:pe_image_reader.cc(340)] could not read dos header from C:\Windows\SYSTEM32\WINMMBASE.dll
[0415/221714.741:ERROR:process_memory_win.cc(73)] ReadMemory at 0x7ffddc700000 of 64 bytes failed: Запрос ReadProcessMemory или WriteProcessMemory был выполнен только частично. (0x12B)
[0415/221714.741:WARNING:pe_image_reader.cc(340)] could not read dos header from C:\Windows\System32\cfgmgr32.dll
[0415/221714.741:ERROR:process_memory_win.cc(73)] ReadMemory at 0x7ffdd8120000 of 64 bytes failed: Запрос ReadProcessMemory или WriteProcessMemory был выполнен только частично. (0x12B)
[0415/221714.741:WARNING:pe_image_reader.cc(340)] could not read dos header from C:\Windows\SYSTEM32\PROPSYS.dll
[0415/221714.741:ERROR:process_memory_win.cc(73)] ReadMemory at 0x7ffddd450000 of 64 bytes failed: Запрос ReadProcessMemory или WriteProcessMemory был выполнен только частично. (0x12B)
[0415/221714.741:WARNING:pe_image_reader.cc(340)] could not read dos header from C:\Windows\System32\shcore.dll
[0415/221714.741:ERROR:process_memory_win.cc(73)] ReadMemory at 0x7ffddb950000 of 64 bytes failed: Запрос ReadProcessMemory или WriteProcessMemory был выполнен только частично. (0x12B)
[0415/221714.741:WARNING:pe_image_reader.cc(340)] could not read dos header from C:\Windows\SYSTEM32\SSPICLI.DLL
[0415/221714.741:ERROR:process_memory_win.cc(73)] ReadMemory at 0x7ffddd1b0000 of 64 bytes failed: Запрос ReadProcessMemory или WriteProcessMemory был выполнен только частично. (0x12B)
[0415/221714.741:WARNING:pe_image_reader.cc(340)] could not read dos header from C:\Windows\System32\ole32.dll
[0415/221714.741:ERROR:process_memory_win.cc(73)] ReadMemory at 0x7ffddcc50000 of 64 bytes failed: Запрос ReadProcessMemory или WriteProcessMemory был выполнен только частично. (0x12B)
[0415/221714.741:WARNING:pe_image_reader.cc(340)] could not read dos header from C:\Windows\System32\GDI32.dll
[0415/221714.741:ERROR:process_memory_win.cc(73)] ReadMemory at 0x7ffddc970000 of 64 bytes failed: Запрос ReadProcessMemory или WriteProcessMemory был выполнен только частично. (0x12B)
[0415/221714.741:WARNING:pe_image_reader.cc(340)] could not read dos header from C:\Windows\System32\win32u.dll
[0415/221714.741:ERROR:process_memory_win.cc(73)] ReadMemory at 0x7ffddc7d0000 of 64 bytes failed: Запрос ReadProcessMemory или WriteProcessMemory был выполнен только частично. (0x12B)
[0415/221714.741:WARNING:pe_image_reader.cc(340)] could not read dos header from C:\Windows\System32\gdi32full.dll
[0415/221714.741:ERROR:process_memory_win.cc(73)] ReadMemory at 0x7ffddcdb0000 of 64 bytes failed: Запрос ReadProcessMemory или WriteProcessMemory был выполнен только частично. (0x12B)
[0415/221714.741:WARNING:pe_image_reader.cc(340)] could not read dos header from C:\Windows\System32\USER32.dll
[0415/221714.741:ERROR:process_memory_win.cc(73)] ReadMemory at 0x7ffdde2f0000 of 64 bytes failed: Запрос ReadProcessMemory или WriteProcessMemory был выполнен только частично. (0x12B)
[0415/221714.741:WARNING:pe_image_reader.cc(340)] could not read dos header from C:\Windows\System32\IMM32.DLL
[0415/221714.741:ERROR:process_memory_win.cc(73)] ReadMemory at 0x7ffdde470000 of 64 bytes failed: Запрос ReadProcessMemory или WriteProcessMemory был выполнен только частично. (0x12B)
[0415/221714.741:WARNING:pe_image_reader.cc(340)] could not read dos header from C:\Windows\System32\SHELL32.dll
[0415/221714.741:ERROR:process_memory_win.cc(73)] ReadMemory at 0x7ffddbc40000 of 64 bytes failed: Запрос ReadProcessMemory или WriteProcessMemory был выполнен только частично. (0x12B)
[0415/221714.741:WARNING:pe_image_reader.cc(340)] could not read dos header from C:\Windows\System32\windows.storage.dll
[0415/221714.741:ERROR:process_memory_win.cc(73)] ReadMemory at 0x7ffddba90000 of 64 bytes failed: Запрос ReadProcessMemory или WriteProcessMemory был выполнен только частично. (0x12B)
[0415/221714.741:WARNING:pe_image_reader.cc(340)] could not read dos header from C:\Windows\System32\powrprof.dll
[0415/221714.741:ERROR:process_memory_win.cc(73)] ReadMemory at 0x7ffddba60000 of 64 bytes failed: Запрос ReadProcessMemory или WriteProcessMemory был выполнен только частично. (0x12B)
[0415/221714.741:WARNING:pe_image_reader.cc(340)] could not read dos header from C:\Windows\System32\UMPDC.dll
[0415/221714.741:ERROR:process_memory_win.cc(73)] ReadMemory at 0x7ffdddfb0000 of 64 bytes failed: Запрос ReadProcessMemory или WriteProcessMemory был выполнен только частично. (0x12B)
[0415/221714.741:WARNING:pe_image_reader.cc(340)] could not read dos header from C:\Windows\System32\shlwapi.dll
[0415/221714.741:ERROR:process_memory_win.cc(73)] ReadMemory at 0x7ffddc6e0000 of 64 bytes failed: Запрос ReadProcessMemory или WriteProcessMemory был выполнен только частично. (0x12B)
[0415/221714.741:WARNING:pe_image_reader.cc(340)] could not read dos header from C:\Windows\System32\cryptsp.dll
[0415/221714.741:ERROR:process_memory_win.cc(73)] ReadMemory at 0x7ffddb440000 of 64 bytes failed: Запрос ReadProcessMemory или WriteProcessMemory был выполнен только частично. (0x12B)
[0415/221714.741:WARNING:pe_image_reader.cc(340)] could not read dos header from C:\Windows\SYSTEM32\CRYPTBASE.DLL
[0415/221714.741:ERROR:process_memory_win.cc(73)] ReadMemory at 0x7ffdd83e0000 of 64 bytes failed: Запрос ReadProcessMemory или WriteProcessMemory был выполнен только частично. (0x12B)
[0415/221714.741:WARNING:pe_image_reader.cc(340)] could not read dos header from C:\Windows\system32\NLAapi.dll
[0415/221714.741:ERROR:process_memory_win.cc(73)] ReadMemory at 0x7ffdd61a0000 of 64 bytes failed: Запрос ReadProcessMemory или WriteProcessMemory был выполнен только частично. (0x12B)
[0415/221714.741:WARNING:pe_image_reader.cc(340)] could not read dos header from C:\Windows\SYSTEM32\dhcpcsvc6.DLL
[0415/221714.741:ERROR:process_memory_win.cc(73)] ReadMemory at 0x7ffddafd0000 of 64 bytes failed: Запрос ReadProcessMemory или WriteProcessMemory был выполнен только частично. (0x12B)
[0415/221714.741:WARNING:pe_image_reader.cc(340)] could not read dos header from C:\Windows\SYSTEM32\DNSAPI.dll
[0415/221714.742:ERROR:process_memory_win.cc(73)] ReadMemory at 0x7ffddb270000 of 64 bytes failed: Запрос ReadProcessMemory или WriteProcessMemory был выполнен только частично. (0x12B)
[0415/221714.742:WARNING:pe_image_reader.cc(340)] could not read dos header from C:\Windows\system32\mswsock.dll
[0415/221714.742:ERROR:process_memory_win.cc(73)] ReadMemory at 0x7ffdd37a0000 of 64 bytes failed: Запрос ReadProcessMemory или WriteProcessMemory был выполнен только частично. (0x12B)
[0415/221714.742:WARNING:pe_image_reader.cc(340)] could not read dos header from C:\Windows\System32\rasadhlp.dll
[0415/221714.742:ERROR:process_memory_win.cc(73)] ReadMemory at 0x7ffdd5ad0000 of 64 bytes failed: Запрос ReadProcessMemory или WriteProcessMemory был выполнен только частично. (0x12B)
[0415/221714.742:WARNING:pe_image_reader.cc(340)] could not read dos header from C:\Windows\System32\fwpuclnt.dll
[0415/221714.742:ERROR:process_memory_win.cc(73)] ReadMemory at 0x7ffddade0000 of 64 bytes failed: Запрос ReadProcessMemory или WriteProcessMemory был выполнен только частично. (0x12B)
[0415/221714.742:WARNING:pe_image_reader.cc(340)] could not read dos header from C:\Windows\system32\rsaenh.dll
[0415/221714.742:ERROR:process_memory_win.cc(73)] ReadMemory at 0x7ffdda660000 of 64 bytes failed: Запрос ReadProcessMemory или WriteProcessMemory был выполнен только частично. (0x12B)
[0415/221714.742:WARNING:pe_image_reader.cc(340)] could not read dos header from C:\Windows\SYSTEM32\gpapi.dll
[0415/221714.742:ERROR:process_memory_win.cc(73)] ReadMemory at 0x7ffdd61c0000 of 64 bytes failed: Запрос ReadProcessMemory или WriteProcessMemory был выполнен только частично. (0x12B)
[0415/221714.742:WARNING:pe_image_reader.cc(340)] could not read dos header from C:\Windows\System32\cryptnet.dll
[0415/221714.742:ERROR:process_memory_win.cc(73)] ReadMemory at 0x7ffdd6200000 of 64 bytes failed: Запрос ReadProcessMemory или WriteProcessMemory был выполнен только частично. (0x12B)
[0415/221714.742:WARNING:pe_image_reader.cc(340)] could not read dos header from C:\Windows\SYSTEM32\WINNSI.DLL
[0415/221714.745:ERROR:process_memory_win.cc(73)] ReadMemory at 0x7ff76ab60000 of 64 bytes failed: Запрос ReadProcessMemory или WriteProcessMemory был выполнен только частично. (0x12B)
[0415/221714.745:WARNING:pe_image_reader.cc(340)] could not read dos header from C:\Program Files (x86)\Google\Chrome\Application\chrome.exe
[0415/221714.746:ERROR:process_memory_win.cc(73)] ReadMemory at 0x7ffddeba0000 of 64 bytes failed: Запрос ReadProcessMemory или WriteProcessMemory был выполнен только частично. (0x12B)
[0415/221714.746:WARNING:pe_image_reader.cc(340)] could not read dos header from C:\Windows\SYSTEM32\ntdll.dll
[0415/221714.746:ERROR:process_memory_win.cc(73)] ReadMemory at 0x7ffdde320000 of 64 bytes failed: Запрос ReadProcessMemory или WriteProcessMemory был выполнен только частично. (0x12B)
[0415/221714.746:WARNING:pe_image_reader.cc(340)] could not read dos header from C:\Windows\System32\KERNEL32.dll
[0415/221714.746:ERROR:process_memory_win.cc(73)] ReadMemory at 0x7ffddc9a0000 of 64 bytes failed: Запрос ReadProcessMemory или WriteProcessMemory был выполнен только частично. (0x12B)
[0415/221714.746:WARNING:pe_image_reader.cc(340)] could not read dos header from C:\Windows\System32\KERNELBASE.dll
[0415/221714.746:ERROR:process_memory_win.cc(73)] ReadMemory at 0x7ffd9fcc0000 of 64 bytes failed: Запрос ReadProcessMemory или WriteProcessMemory был выполнен только частично. (0x12B)
[0415/221714.746:WARNING:pe_image_reader.cc(340)] could not read dos header from C:\Program Files (x86)\Google\Chrome\Application\81.0.4044.92\chrome_elf.dll
[0415/221714.746:ERROR:process_memory_win.cc(73)] ReadMemory at 0x7ffdd61f0000 of 64 bytes failed: Запрос ReadProcessMemory или WriteProcessMemory был выполнен только частично. (0x12B)
[0415/221714.746:WARNING:pe_image_reader.cc(340)] could not read dos header from C:\Windows\SYSTEM32\VERSION.dll
[0415/221714.746:ERROR:process_memory_win.cc(73)] ReadMemory at 0x7ffddd310000 of 64 bytes failed: Запрос ReadProcessMemory или WriteProcessMemory был выполнен только частично. (0x12B)
[0415/221714.746:WARNING:pe_image_reader.cc(340)] could not read dos header from C:\Windows\System32\msvcrt.dll
[0415/221714.746:ERROR:process_memory_win.cc(73)] ReadMemory at 0x7ffddc750000 of 64 bytes failed: Запрос ReadProcessMemory или WriteProcessMemory был выполнен только частично. (0x12B)
[0415/221714.746:WARNING:pe_image_reader.cc(340)] could not read dos header from C:\Windows\System32\bcryptPrimitives.dll
[0415/221714.746:ERROR:process_memory_win.cc(73)] ReadMemory at 0x7ffdde1d0000 of 64 bytes failed: Запрос ReadProcessMemory или WriteProcessMemory был выполнен только частично. (0x12B)
[0415/221714.746:WARNING:pe_image_reader.cc(340)] could not read dos header from C:\Windows\System32\ADVAPI32.dll
[0415/221714.746:ERROR:process_memory_win.cc(73)] ReadMemory at 0x7ffddd3b0000 of 64 bytes failed: Запрос ReadProcessMemory или WriteProcessMemory был выполнен только частично. (0x12B)
[0415/221714.746:WARNING:pe_image_reader.cc(340)] could not read dos header from C:\Windows\System32\sechost.dll
[0415/221714.746:ERROR:process_memory_win.cc(73)] ReadMemory at 0x7ffddcf50000 of 64 bytes failed: Запрос ReadProcessMemory или WriteProcessMemory был выполнен только частично. (0x12B)
[0415/221714.746:WARNING:pe_image_reader.cc(340)] could not read dos header from C:\Windows\System32\RPCRT4.dll
[0415/221714.746:ERROR:process_memory_win.cc(73)] ReadMemory at 0x7ffd7b200000 of 64 bytes failed: Запрос ReadProcessMemory или WriteProcessMemory был выполнен только частично. (0x12B)
[0415/221714.746:WARNING:pe_image_reader.cc(340)] could not read dos header from C:\Program Files (x86)\Google\Chrome\Application\81.0.4044.92\chrome.dll
[0415/221714.746:ERROR:process_memory_win.cc(73)] ReadMemory at 0x7ffdde090000 of 64 bytes failed: Запрос ReadProcessMemory или WriteProcessMemory был выполнен только частично. (0x12B)
[0415/221714.746:WARNING:pe_image_reader.cc(340)] could not read dos header from C:\Windows\System32\WS2_32.dll
[0415/221714.746:ERROR:process_memory_win.cc(73)] ReadMemory at 0x7ffdde100000 of 64 bytes failed: Запрос ReadProcessMemory или WriteProcessMemory был выполнен только частично. (0x12B)
[0415/221714.746:WARNING:pe_image_reader.cc(340)] could not read dos header from C:\Windows\System32\OLEAUT32.dll
[0415/221714.746:ERROR:process_memory_win.cc(73)] ReadMemory at 0x7ffddc3c0000 of 64 bytes failed: Запрос ReadProcessMemory или WriteProcessMemory был выполнен только частично. (0x12B)
[0415/221714.746:WARNING:pe_image_reader.cc(340)] could not read dos header from C:\Windows\System32\msvcp_win.dll
[0415/221714.746:ERROR:process_memory_win.cc(73)] ReadMemory at 0x7ffddc460000 of 64 bytes failed: Запрос ReadProcessMemory или WriteProcessMemory был выполнен только частично. (0x12B)
[0415/221714.746:WARNING:pe_image_reader.cc(340)] could not read dos header from C:\Windows\System32\ucrtbase.dll
[0415/221714.746:ERROR:process_memory_win.cc(73)] ReadMemory at 0x7ffdddc70000 of 64 bytes failed: Запрос ReadProcessMemory или WriteProcessMemory был выполнен только частично. (0x12B)
[0415/221714.746:WARNING:pe_image_reader.cc(340)] could not read dos header from C:\Windows\System32\combase.dll
[0415/221714.746:ERROR:process_memory_win.cc(73)] ReadMemory at 0x7ffddbbe0000 of 64 bytes failed: Запрос ReadProcessMemory или WriteProcessMemory был выполнен только частично. (0x12B)
[0415/221714.746:WARNING:pe_image_reader.cc(340)] could not read dos header from C:\Windows\System32\WINTRUST.dll
[0415/221714.746:ERROR:process_memory_win.cc(73)] ReadMemory at 0x7ffddbae0000 of 64 bytes failed: Запрос ReadProcessMemory или WriteProcessMemory был выполнен только частично. (0x12B)
[0415/221714.746:WARNING:pe_image_reader.cc(340)] could not read dos header from C:\Windows\System32\MSASN1.dll
[0415/221714.746:ERROR:process_memory_win.cc(73)] ReadMemory at 0x7ffddc590000 of 64 bytes failed: Запрос ReadProcessMemory или WriteProcessMemory был выполнен только частично. (0x12B)
[0415/221714.746:WARNING:pe_image_reader.cc(340)] could not read dos header from C:\Windows\System32\CRYPT32.dll
[0415/221714.746:ERROR:process_memory_win.cc(73)] ReadMemory at 0x7ffddaf80000 of 64 bytes failed: Запрос ReadProcessMemory или WriteProcessMemory был выполнен только частично. (0x12B)
[0415/221714.746:WARNING:pe_image_reader.cc(340)] could not read dos header from C:\Windows\SYSTEM32\IPHLPAPI.DLL
[0415/221714.746:ERROR:process_memory_win.cc(73)] ReadMemory at 0x7ffdd99b0000 of 64 bytes failed: Запрос ReadProcessMemory или WriteProcessMemory был выполнен только частично. (0x12B)
[0415/221714.746:WARNING:pe_image_reader.cc(340)] could not read dos header from C:\Windows\SYSTEM32\WINMM.dll
[0415/221714.746:ERROR:process_memory_win.cc(73)] ReadMemory at 0x7ffdc9b10000 of 64 bytes failed: Запрос ReadProcessMemory или WriteProcessMemory был выполнен только частично. (0x12B)
[0415/221714.746:WARNING:pe_image_reader.cc(340)] could not read dos header from C:\Windows\SYSTEM32\Secur32.dll
[0415/221714.746:ERROR:process_memory_win.cc(73)] ReadMemory at 0x7ffddb980000 of 64 bytes failed: Запрос ReadProcessMemory или WriteProcessMemory был выполнен только частично. (0x12B)
[0415/221714.746:WARNING:pe_image_reader.cc(340)] could not read dos header from C:\Windows\SYSTEM32\USERENV.dll
[0415/221714.746:ERROR:process_memory_win.cc(73)] ReadMemory at 0x7ffddbb00000 of 64 bytes failed: Запрос ReadProcessMemory или WriteProcessMemory был выполнен только частично. (0x12B)
[0415/221714.746:WARNING:pe_image_reader.cc(340)] could not read dos header from C:\Windows\System32\profapi.dll
[0415/221714.746:ERROR:process_memory_win.cc(73)] ReadMemory at 0x7ffdb50b0000 of 64 bytes failed: Запрос ReadProcessMemory или WriteProcessMemory был выполнен только частично. (0x12B)
[0415/221714.746:WARNING:pe_image_reader.cc(340)] could not read dos header from C:\Windows\SYSTEM32\UIAutomationCore.DLL
[0415/221714.746:ERROR:process_memory_win.cc(73)] ReadMemory at 0x7ffdc9f40000 of 64 bytes failed: Запрос ReadProcessMemory или WriteProcessMemory был выполнен только частично. (0x12B)
[0415/221714.746:WARNING:pe_image_reader.cc(340)] could not read dos header from C:\Windows\SYSTEM32\DWrite.dll
[0415/221714.746:ERROR:process_memory_win.cc(73)] ReadMemory at 0x7ffdd2db0000 of 64 bytes failed: Запрос ReadProcessMemory или WriteProcessMemory был выполнен только частично. (0x12B)
[0415/221714.746:WARNING:pe_image_reader.cc(340)] could not read dos header from C:\Windows\SYSTEM32\WINSPOOL.DRV
[0415/221714.746:ERROR:process_memory_win.cc(73)] ReadMemory at 0x7ffddba70000 of 64 bytes failed: Запрос ReadProcessMemory или WriteProcessMemory был выполнен только частично. (0x12B)
[0415/221714.746:WARNING:pe_image_reader.cc(340)] could not read dos header from C:\Windows\System32\kernel.appcore.dll
[0415/221714.746:ERROR:process_memory_win.cc(73)] ReadMemory at 0x7ffddc560000 of 64 bytes failed: Запрос ReadProcessMemory или WriteProcessMemory был выполнен только частично. (0x12B)
[0415/221714.746:WARNING:pe_image_reader.cc(340)] could not read dos header from C:\Windows\System32\bcrypt.dll
[0415/221714.746:ERROR:process_memory_win.cc(73)] ReadMemory at 0x7ffdd5740000 of 64 bytes failed: Запрос ReadProcessMemory или WriteProcessMemory был выполнен только частично. (0x12B)
[0415/221714.746:WARNING:pe_image_reader.cc(340)] could not read dos header from C:\Windows\SYSTEM32\dbghelp.dll
[0415/221714.746:ERROR:process_memory_win.cc(73)] ReadMemory at 0x7ffdd39b0000 of 64 bytes failed: Запрос ReadProcessMemory или WriteProcessMemory был выполнен только частично. (0x12B)
[0415/221714.746:WARNING:pe_image_reader.cc(340)] could not read dos header from C:\Windows\SYSTEM32\WINHTTP.dll
[0415/221714.746:ERROR:process_memory_win.cc(73)] ReadMemory at 0x7ffdd6180000 of 64 bytes failed: Запрос ReadProcessMemory или WriteProcessMemory был выполнен только частично. (0x12B)
[0415/221714.746:WARNING:pe_image_reader.cc(340)] could not read dos header from C:\Windows\SYSTEM32\dhcpcsvc.DLL
[0415/221714.746:ERROR:process_memory_win.cc(73)] ReadMemory at 0x7ffdde3e0000 of 64 bytes failed: Запрос ReadProcessMemory или WriteProcessMemory был выполнен только частично. (0x12B)
[0415/221714.746:WARNING:pe_image_reader.cc(340)] could not read dos header from C:\Windows\System32\NSI.dll
[0415/221714.746:ERROR:process_memory_win.cc(73)] ReadMemory at 0x7ffdd9980000 of 64 bytes failed: Запрос ReadProcessMemory или WriteProcessMemory был выполнен только частично. (0x12B)
[0415/221714.746:WARNING:pe_image_reader.cc(340)] could not read dos header from C:\Windows\SYSTEM32\WINMMBASE.dll
[0415/221714.746:ERROR:process_memory_win.cc(73)] ReadMemory at 0x7ffddc700000 of 64 bytes failed: Запрос ReadProcessMemory или WriteProcessMemory был выполнен только частично. (0x12B)
[0415/221714.746:WARNING:pe_image_reader.cc(340)] could not read dos header from C:\Windows\System32\cfgmgr32.dll
[0415/221714.746:ERROR:process_memory_win.cc(73)] ReadMemory at 0x7ffdd8120000 of 64 bytes failed: Запрос ReadProcessMemory или WriteProcessMemory был выполнен только частично. (0x12B)
[0415/221714.746:WARNING:pe_image_reader.cc(340)] could not read dos header from C:\Windows\SYSTEM32\PROPSYS.dll
[0415/221714.746:ERROR:process_memory_win.cc(73)] ReadMemory at 0x7ffddd450000 of 64 bytes failed: Запрос ReadProcessMemory или WriteProcessMemory был выполнен только частично. (0x12B)
[0415/221714.746:WARNING:pe_image_reader.cc(340)] could not read dos header from C:\Windows\System32\shcore.dll
[0415/221714.746:ERROR:process_memory_win.cc(73)] ReadMemory at 0x7ffddb950000 of 64 bytes failed: Запрос ReadProcessMemory или WriteProcessMemory был выполнен только частично. (0x12B)
[0415/221714.746:WARNING:pe_image_reader.cc(340)] could not read dos header from C:\Windows\SYSTEM32\SSPICLI.DLL
[0415/221714.746:ERROR:process_memory_win.cc(73)] ReadMemory at 0x7ffddd1b0000 of 64 bytes failed: Запрос ReadProcessMemory или WriteProcessMemory был выполнен только частично. (0x12B)
[0415/221714.746:WARNING:pe_image_reader.cc(340)] could not read dos header from C:\Windows\System32\ole32.dll
[0415/221714.747:ERROR:process_memory_win.cc(73)] ReadMemory at 0x7ffddcc50000 of 64 bytes failed: Запрос ReadProcessMemory или WriteProcessMemory был выполнен только частично. (0x12B)
[0415/221714.747:WARNING:pe_image_reader.cc(340)] could not read dos header from C:\Windows\System32\GDI32.dll
[0415/221714.747:ERROR:process_memory_win.cc(73)] ReadMemory at 0x7ffddc970000 of 64 bytes failed: Запрос ReadProcessMemory или WriteProcessMemory был выполнен только частично. (0x12B)
[0415/221714.747:WARNING:pe_image_reader.cc(340)] could not read dos header from C:\Windows\System32\win32u.dll
[0415/221714.747:ERROR:process_memory_win.cc(73)] ReadMemory at 0x7ffddc7d0000 of 64 bytes failed: Запрос ReadProcessMemory или WriteProcessMemory был выполнен только частично. (0x12B)
[0415/221714.747:WARNING:pe_image_reader.cc(340)] could not read dos header from C:\Windows\System32\gdi32full.dll
[0415/221714.747:ERROR:process_memory_win.cc(73)] ReadMemory at 0x7ffddcdb0000 of 64 bytes failed: Запрос ReadProcessMemory или WriteProcessMemory был выполнен только частично. (0x12B)
[0415/221714.747:WARNING:pe_image_reader.cc(340)] could not read dos header from C:\Windows\System32\USER32.dll
[0415/221714.747:ERROR:process_memory_win.cc(73)] ReadMemory at 0x7ffdde2f0000 of 64 bytes failed: Запрос ReadProcessMemory или WriteProcessMemory был выполнен только частично. (0x12B)
[0415/221714.747:WARNING:pe_image_reader.cc(340)] could not read dos header from C:\Windows\System32\IMM32.DLL
[0415/221714.747:ERROR:process_memory_win.cc(73)] ReadMemory at 0x7ffdde470000 of 64 bytes failed: Запрос ReadProcessMemory или WriteProcessMemory был выполнен только частично. (0x12B)
[0415/221714.747:WARNING:pe_image_reader.cc(340)] could not read dos header from C:\Windows\System32\SHELL32.dll
[0415/221714.747:ERROR:process_memory_win.cc(73)] ReadMemory at 0x7ffddbc40000 of 64 bytes failed: Запрос ReadProcessMemory или WriteProcessMemory был выполнен только частично. (0x12B)
[0415/221714.747:WARNING:pe_image_reader.cc(340)] could not read dos header from C:\Windows\System32\windows.storage.dll
[0415/221714.747:ERROR:process_memory_win.cc(73)] ReadMemory at 0x7ffddba90000 of 64 bytes failed: Запрос ReadProcessMemory или WriteProcessMemory был выполнен только частично. (0x12B)
[0415/221714.747:WARNING:pe_image_reader.cc(340)] could not read dos header from C:\Windows\System32\powrprof.dll
[0415/221714.747:ERROR:process_memory_win.cc(73)] ReadMemory at 0x7ffddba60000 of 64 bytes failed: Запрос ReadProcessMemory или WriteProcessMemory был выполнен только частично. (0x12B)
[0415/221714.747:WARNING:pe_image_reader.cc(340)] could not read dos header from C:\Windows\System32\UMPDC.dll
[0415/221714.747:ERROR:process_memory_win.cc(73)] ReadMemory at 0x7ffdddfb0000 of 64 bytes failed: Запрос ReadProcessMemory или WriteProcessMemory был выполнен только частично. (0x12B)
[0415/221714.747:WARNING:pe_image_reader.cc(340)] could not read dos header from C:\Windows\System32\shlwapi.dll
[0415/221714.747:ERROR:process_memory_win.cc(73)] ReadMemory at 0x7ffddc6e0000 of 64 bytes failed: Запрос ReadProcessMemory или WriteProcessMemory был выполнен только частично. (0x12B)
[0415/221714.747:WARNING:pe_image_reader.cc(340)] could not read dos header from C:\Windows\System32\cryptsp.dll
[0415/221714.747:ERROR:process_memory_win.cc(73)] ReadMemory at 0x7ffddb440000 of 64 bytes failed: Запрос ReadProcessMemory или WriteProcessMemory был выполнен только частично. (0x12B)
[0415/221714.747:WARNING:pe_image_reader.cc(340)] could not read dos header from C:\Windows\SYSTEM32\CRYPTBASE.DLL
[0415/221714.747:ERROR:process_memory_win.cc(73)] ReadMemory at 0x7ffdd83e0000 of 64 bytes failed: Запрос ReadProcessMemory или WriteProcessMemory был выполнен только частично. (0x12B)
[0415/221714.747:WARNING:pe_image_reader.cc(340)] could not read dos header from C:\Windows\system32\NLAapi.dll
[0415/221714.747:ERROR:process_memory_win.cc(73)] ReadMemory at 0x7ffdd61a0000 of 64 bytes failed: Запрос ReadProcessMemory или WriteProcessMemory был выполнен только частично. (0x12B)
[0415/221714.747:WARNING:pe_image_reader.cc(340)] could not read dos header from C:\Windows\SYSTEM32\dhcpcsvc6.DLL
[0415/221714.747:ERROR:process_memory_win.cc(73)] ReadMemory at 0x7ffddafd0000 of 64 bytes failed: Запрос ReadProcessMemory или WriteProcessMemory был выполнен только частично. (0x12B)
[0415/221714.747:WARNING:pe_image_reader.cc(340)] could not read dos header from C:\Windows\SYSTEM32\DNSAPI.dll
[0415/221714.747:ERROR:process_memory_win.cc(73)] ReadMemory at 0x7ffddb270000 of 64 bytes failed: Запрос ReadProcessMemory или WriteProcessMemory был выполнен только частично. (0x12B)
[0415/221714.747:WARNING:pe_image_reader.cc(340)] could not read dos header from C:\Windows\system32\mswsock.dll
[0415/221714.747:ERROR:process_memory_win.cc(73)] ReadMemory at 0x7ffdd37a0000 of 64 bytes failed: Запрос ReadProcessMemory или WriteProcessMemory был выполнен только частично. (0x12B)
[0415/221714.747:WARNING:pe_image_reader.cc(340)] could not read dos header from C:\Windows\System32\rasadhlp.dll
[0415/221714.747:ERROR:process_memory_win.cc(73)] ReadMemory at 0x7ffdd5ad0000 of 64 bytes failed: Запрос ReadProcessMemory или WriteProcessMemory был выполнен только частично. (0x12B)
[0415/221714.747:WARNING:pe_image_reader.cc(340)] could not read dos header from C:\Windows\System32\fwpuclnt.dll
[0415/221714.747:ERROR:process_memory_win.cc(73)] ReadMemory at 0x7ffddade0000 of 64 bytes failed: Запрос ReadProcessMemory или WriteProcessMemory был выполнен только частично. (0x12B)
[0415/221714.747:WARNING:pe_image_reader.cc(340)] could not read dos header from C:\Windows\system32\rsaenh.dll
[0415/221714.748:ERROR:process_memory_win.cc(73)] ReadMemory at 0x7ffdda660000 of 64 bytes failed: Запрос ReadProcessMemory или WriteProcessMemory был выполнен только частично. (0x12B)
[0415/221714.748:WARNING:pe_image_reader.cc(340)] could not read dos header from C:\Windows\SYSTEM32\gpapi.dll
[0415/221714.748:ERROR:process_memory_win.cc(73)] ReadMemory at 0x7ffdd61c0000 of 64 bytes failed: Запрос ReadProcessMemory или WriteProcessMemory был выполнен только частично. (0x12B)
[0415/221714.748:WARNING:pe_image_reader.cc(340)] could not read dos header from C:\Windows\System32\cryptnet.dll
[0415/221714.748:ERROR:process_memory_win.cc(73)] ReadMemory at 0x7ffdd6200000 of 64 bytes failed: Запрос ReadProcessMemory или WriteProcessMemory был выполнен только частично. (0x12B)
[0415/221714.748:WARNING:pe_image_reader.cc(340)] could not read dos header from C:\Windows\SYSTEM32\WINNSI.DLL
[0415/221714.748:ERROR:process_memory_win.cc(73)] ReadMemory at 0x7ff76ab60000 of 64 bytes failed: Запрос ReadProcessMemory или WriteProcessMemory был выполнен только частично. (0x12B)
[0415/221714.748:WARNING:pe_image_reader.cc(340)] could not read dos header from C:\Program Files (x86)\Google\Chrome\Application\chrome.exe
[0415/221714.748:ERROR:process_memory_win.cc(73)] ReadMemory at 0x7ffddeba0000 of 64 bytes failed: Запрос ReadProcessMemory или WriteProcessMemory был выполнен только частично. (0x12B)
[0415/221714.748:WARNING:pe_image_reader.cc(340)] could not read dos header from C:\Windows\SYSTEM32\ntdll.dll
[0415/221714.748:ERROR:process_memory_win.cc(73)] ReadMemory at 0x7ffdde320000 of 64 bytes failed: Запрос ReadProcessMemory или WriteProcessMemory был выполнен только частично. (0x12B)
[0415/221714.748:WARNING:pe_image_reader.cc(340)] could not read dos header from C:\Windows\System32\KERNEL32.dll
[0415/221714.748:ERROR:process_memory_win.cc(73)] ReadMemory at 0x7ffddc9a0000 of 64 bytes failed: Запрос ReadProcessMemory или WriteProcessMemory был выполнен только частично. (0x12B)
[0415/221714.748:WARNING:pe_image_reader.cc(340)] could not read dos header from C:\Windows\System32\KERNELBASE.dll
[0415/221714.748:ERROR:process_memory_win.cc(73)] ReadMemory at 0x7ffd9fcc0000 of 64 bytes failed: Запрос ReadProcessMemory или WriteProcessMemory был выполнен только частично. (0x12B)
[0415/221714.748:WARNING:pe_image_reader.cc(340)] could not read dos header from C:\Program Files (x86)\Google\Chrome\Application\81.0.4044.92\chrome_elf.dll
[0415/221714.748:ERROR:process_memory_win.cc(73)] ReadMemory at 0x7ffdd61f0000 of 64 bytes failed: Запрос ReadProcessMemory или WriteProcessMemory был выполнен только частично. (0x12B)
[0415/221714.748:WARNING:pe_image_reader.cc(340)] could not read dos header from C:\Windows\SYSTEM32\VERSION.dll
[0415/221714.748:ERROR:process_memory_win.cc(73)] ReadMemory at 0x7ffddd310000 of 64 bytes failed: Запрос ReadProcessMemory или WriteProcessMemory был выполнен только частично. (0x12B)
[0415/221714.748:WARNING:pe_image_reader.cc(340)] could not read dos header from C:\Windows\System32\msvcrt.dll
[0415/221714.748:ERROR:process_memory_win.cc(73)] ReadMemory at 0x7ffddc750000 of 64 bytes failed: Запрос ReadProcessMemory или WriteProcessMemory был выполнен только частично. (0x12B)
[0415/221714.748:WARNING:pe_image_reader.cc(340)] could not read dos header from C:\Windows\System32\bcryptPrimitives.dll
[0415/221714.748:ERROR:process_memory_win.cc(73)] ReadMemory at 0x7ffdde1d0000 of 64 bytes failed: Запрос ReadProcessMemory или WriteProcessMemory был выполнен только частично. (0x12B)
[0415/221714.748:WARNING:pe_image_reader.cc(340)] could not read dos header from C:\Windows\System32\ADVAPI32.dll
[0415/221714.748:ERROR:process_memory_win.cc(73)] ReadMemory at 0x7ffddd3b0000 of 64 bytes failed: Запрос ReadProcessMemory или WriteProcessMemory был выполнен только частично. (0x12B)
[0415/221714.748:WARNING:pe_image_reader.cc(340)] could not read dos header from C:\Windows\System32\sechost.dll
[0415/221714.748:ERROR:process_memory_win.cc(73)] ReadMemory at 0x7ffddcf50000 of 64 bytes failed: Запрос ReadProcessMemory или WriteProcessMemory был выполнен только частично. (0x12B)
[0415/221714.748:WARNING:pe_image_reader.cc(340)] could not read dos header from C:\Windows\System32\RPCRT4.dll
[0415/221714.748:ERROR:process_memory_win.cc(73)] ReadMemory at 0x7ffd7b200000 of 64 bytes failed: Запрос ReadProcessMemory или WriteProcessMemory был выполнен только частично. (0x12B)
[0415/221714.748:WARNING:pe_image_reader.cc(340)] could not read dos header from C:\Program Files (x86)\Google\Chrome\Application\81.0.4044.92\chrome.dll
[0415/221714.748:ERROR:process_memory_win.cc(73)] ReadMemory at 0x7ffdde090000 of 64 bytes failed: Запрос ReadProcessMemory или WriteProcessMemory был выполнен только частично. (0x12B)
[0415/221714.748:WARNING:pe_image_reader.cc(340)] could not read dos header from C:\Windows\System32\WS2_32.dll
[0415/221714.748:ERROR:process_memory_win.cc(73)] ReadMemory at 0x7ffdde100000 of 64 bytes failed: Запрос ReadProcessMemory или WriteProcessMemory был выполнен только частично. (0x12B)
[0415/221714.748:WARNING:pe_image_reader.cc(340)] could not read dos header from C:\Windows\System32\OLEAUT32.dll
[0415/221714.748:ERROR:process_memory_win.cc(73)] ReadMemory at 0x7ffddc3c0000 of 64 bytes failed: Запрос ReadProcessMemory или WriteProcessMemory был выполнен только частично. (0x12B)
[0415/221714.749:WARNING:pe_image_reader.cc(340)] could not read dos header from C:\Windows\System32\msvcp_win.dll
[0415/221714.749:ERROR:process_memory_win.cc(73)] ReadMemory at 0x7ffddc460000 of 64 bytes failed: Запрос ReadProcessMemory или WriteProcessMemory был выполнен только частично. (0x12B)
[0415/221714.749:WARNING:pe_image_reader.cc(340)] could not read dos header from C:\Windows\System32\ucrtbase.dll
[0415/221714.749:ERROR:process_memory_win.cc(73)] ReadMemory at 0x7ffdddc70000 of 64 bytes failed: Запрос ReadProcessMemory или WriteProcessMemory был выполнен только частично. (0x12B)
[0415/221714.749:WARNING:pe_image_reader.cc(340)] could not read dos header from C:\Windows\System32\combase.dll
[0415/221714.749:ERROR:process_memory_win.cc(73)] ReadMemory at 0x7ffddbbe0000 of 64 bytes failed: Запрос ReadProcessMemory или WriteProcessMemory был выполнен только частично. (0x12B)
[0415/221714.749:WARNING:pe_image_reader.cc(340)] could not read dos header from C:\Windows\System32\WINTRUST.dll
[0415/221714.749:ERROR:process_memory_win.cc(73)] ReadMemory at 0x7ffddbae0000 of 64 bytes failed: Запрос ReadProcessMemory или WriteProcessMemory был выполнен только частично. (0x12B)
[0415/221714.749:WARNING:pe_image_reader.cc(340)] could not read dos header from C:\Windows\System32\MSASN1.dll
[0415/221714.749:ERROR:process_memory_win.cc(73)] ReadMemory at 0x7ffddc590000 of 64 bytes failed: Запрос ReadProcessMemory или WriteProcessMemory был выполнен только частично. (0x12B)
[0415/221714.749:WARNING:pe_image_reader.cc(340)] could not read dos header from C:\Windows\System32\CRYPT32.dll
[0415/221714.749:ERROR:process_memory_win.cc(73)] ReadMemory at 0x7ffddaf80000 of 64 bytes failed: Запрос ReadProcessMemory или WriteProcessMemory был выполнен только частично. (0x12B)
[0415/221714.749:WARNING:pe_image_reader.cc(340)] could not read dos header from C:\Windows\SYSTEM32\IPHLPAPI.DLL
[0415/221714.749:ERROR:process_memory_win.cc(73)] ReadMemory at 0x7ffdd99b0000 of 64 bytes failed: Запрос ReadProcessMemory или WriteProcessMemory был выполнен только частично. (0x12B)
[0415/221714.749:WARNING:pe_image_reader.cc(340)] could not read dos header from C:\Windows\SYSTEM32\WINMM.dll
[0415/221714.749:ERROR:process_memory_win.cc(73)] ReadMemory at 0x7ffdc9b10000 of 64 bytes failed: Запрос ReadProcessMemory или WriteProcessMemory был выполнен только частично. (0x12B)
[0415/221714.749:WARNING:pe_image_reader.cc(340)] could not read dos header from C:\Windows\SYSTEM32\Secur32.dll
[0415/221714.749:ERROR:process_memory_win.cc(73)] ReadMemory at 0x7ffddb980000 of 64 bytes failed: Запрос ReadProcessMemory или WriteProcessMemory был выполнен только частично. (0x12B)
[0415/221714.749:WARNING:pe_image_reader.cc(340)] could not read dos header from C:\Windows\SYSTEM32\USERENV.dll
[0415/221714.749:ERROR:process_memory_win.cc(73)] ReadMemory at 0x7ffddbb00000 of 64 bytes failed: Запрос ReadProcessMemory или WriteProcessMemory был выполнен только частично. (0x12B)
[0415/221714.749:WARNING:pe_image_reader.cc(340)] could not read dos header from C:\Windows\System32\profapi.dll
[0415/221714.749:ERROR:process_memory_win.cc(73)] ReadMemory at 0x7ffdb50b0000 of 64 bytes failed: Запрос ReadProcessMemory или WriteProcessMemory был выполнен только частично. (0x12B)
[0415/221714.749:WARNING:pe_image_reader.cc(340)] could not read dos header from C:\Windows\SYSTEM32\UIAutomationCore.DLL
[0415/221714.749:ERROR:process_memory_win.cc(73)] ReadMemory at 0x7ffdc9f40000 of 64 bytes failed: Запрос ReadProcessMemory или WriteProcessMemory был выполнен только частично. (0x12B)
[0415/221714.749:WARNING:pe_image_reader.cc(340)] could not read dos header from C:\Windows\SYSTEM32\DWrite.dll
[0415/221714.749:ERROR:process_memory_win.cc(73)] ReadMemory at 0x7ffdd2db0000 of 64 bytes failed: Запрос ReadProcessMemory или WriteProcessMemory был выполнен только частично. (0x12B)
[0415/221714.749:WARNING:pe_image_reader.cc(340)] could not read dos header from C:\Windows\SYSTEM32\WINSPOOL.DRV
[0415/221714.749:ERROR:process_memory_win.cc(73)] ReadMemory at 0x7ffddba70000 of 64 bytes failed: Запрос ReadProcessMemory или WriteProcessMemory был выполнен только частично. (0x12B)
[0415/221714.749:WARNING:pe_image_reader.cc(340)] could not read dos header from C:\Windows\System32\kernel.appcore.dll
[0415/221714.749:ERROR:process_memory_win.cc(73)] ReadMemory at 0x7ffddc560000 of 64 bytes failed: Запрос ReadProcessMemory или WriteProcessMemory был выполнен только частично. (0x12B)
[0415/221714.749:WARNING:pe_image_reader.cc(340)] could not read dos header from C:\Windows\System32\bcrypt.dll
[0415/221714.750:ERROR:process_memory_win.cc(73)] ReadMemory at 0x7ffdd5740000 of 64 bytes failed: Запрос ReadProcessMemory или WriteProcessMemory был выполнен только частично. (0x12B)
[0415/221714.750:WARNING:pe_image_reader.cc(340)] could not read dos header from C:\Windows\SYSTEM32\dbghelp.dll
[0415/221714.750:ERROR:process_memory_win.cc(73)] ReadMemory at 0x7ffdd39b0000 of 64 bytes failed: Запрос ReadProcessMemory или WriteProcessMemory был выполнен только частично. (0x12B)
[0415/221714.750:WARNING:pe_image_reader.cc(340)] could not read dos header from C:\Windows\SYSTEM32\WINHTTP.dll
[0415/221714.750:ERROR:process_memory_win.cc(73)] ReadMemory at 0x7ffdd6180000 of 64 bytes failed: Запрос ReadProcessMemory или WriteProcessMemory был выполнен только частично. (0x12B)
[0415/221714.750:WARNING:pe_image_reader.cc(340)] could not read dos header from C:\Windows\SYSTEM32\dhcpcsvc.DLL
[0415/221714.750:ERROR:process_memory_win.cc(73)] ReadMemory at 0x7ffdde3e0000 of 64 bytes failed: Запрос ReadProcessMemory или WriteProcessMemory был выполнен только частично. (0x12B)
[0415/221714.750:WARNING:pe_image_reader.cc(340)] could not read dos header from C:\Windows\System32\NSI.dll
[0415/221714.750:ERROR:process_memory_win.cc(73)] ReadMemory at 0x7ffdd9980000 of 64 bytes failed: Запрос ReadProcessMemory или WriteProcessMemory был выполнен только частично. (0x12B)
[0415/221714.750:WARNING:pe_image_reader.cc(340)] could not read dos header from C:\Windows\SYSTEM32\WINMMBASE.dll
[0415/221714.750:ERROR:process_memory_win.cc(73)] ReadMemory at 0x7ffddc700000 of 64 bytes failed: Запрос ReadProcessMemory или WriteProcessMemory был выполнен только частично. (0x12B)
[0415/221714.750:WARNING:pe_image_reader.cc(340)] could not read dos header from C:\Windows\System32\cfgmgr32.dll
[0415/221714.750:ERROR:process_memory_win.cc(73)] ReadMemory at 0x7ffdd8120000 of 64 bytes failed: Запрос ReadProcessMemory или WriteProcessMemory был выполнен только частично. (0x12B)
[0415/221714.750:WARNING:pe_image_reader.cc(340)] could not read dos header from C:\Windows\SYSTEM32\PROPSYS.dll
[0415/221714.750:ERROR:process_memory_win.cc(73)] ReadMemory at 0x7ffddd450000 of 64 bytes failed: Запрос ReadProcessMemory или WriteProcessMemory был выполнен только частично. (0x12B)
[0415/221714.750:WARNING:pe_image_reader.cc(340)] could not read dos header from C:\Windows\System32\shcore.dll
[0415/221714.750:ERROR:process_memory_win.cc(73)] ReadMemory at 0x7ffddb950000 of 64 bytes failed: Запрос ReadProcessMemory или WriteProcessMemory был выполнен только частично. (0x12B)
[0415/221714.750:WARNING:pe_image_reader.cc(340)] could not read dos header from C:\Windows\SYSTEM32\SSPICLI.DLL
[0415/221714.750:ERROR:process_memory_win.cc(73)] ReadMemory at 0x7ffddd1b0000 of 64 bytes failed: Запрос ReadProcessMemory или WriteProcessMemory был выполнен только частично. (0x12B)
[0415/221714.750:WARNING:pe_image_reader.cc(340)] could not read dos header from C:\Windows\System32\ole32.dll
[0415/221714.750:ERROR:process_memory_win.cc(73)] ReadMemory at 0x7ffddcc50000 of 64 bytes failed: Запрос ReadProcessMemory или WriteProcessMemory был выполнен только частично. (0x12B)
[0415/221714.750:WARNING:pe_image_reader.cc(340)] could not read dos header from C:\Windows\System32\GDI32.dll
[0415/221714.750:ERROR:process_memory_win.cc(73)] ReadMemory at 0x7ffddc970000 of 64 bytes failed: Запрос ReadProcessMemory или WriteProcessMemory был выполнен только частично. (0x12B)
[0415/221714.750:WARNING:pe_image_reader.cc(340)] could not read dos header from C:\Windows\System32\win32u.dll
[0415/221714.750:ERROR:process_memory_win.cc(73)] ReadMemory at 0x7ffddc7d0000 of 64 bytes failed: Запрос ReadProcessMemory или WriteProcessMemory был выполнен только частично. (0x12B)
[0415/221714.750:WARNING:pe_image_reader.cc(340)] could not read dos header from C:\Windows\System32\gdi32full.dll
[0415/221714.750:ERROR:process_memory_win.cc(73)] ReadMemory at 0x7ffddcdb0000 of 64 bytes failed: Запрос ReadProcessMemory или WriteProcessMemory был выполнен только частично. (0x12B)
[0415/221714.750:WARNING:pe_image_reader.cc(340)] could not read dos header from C:\Windows\System32\USER32.dll
[0415/221714.750:ERROR:process_memory_win.cc(73)] ReadMemory at 0x7ffdde2f0000 of 64 bytes failed: Запрос ReadProcessMemory или WriteProcessMemory был выполнен только частично. (0x12B)
[0415/221714.750:WARNING:pe_image_reader.cc(340)] could not read dos header from C:\Windows\System32\IMM32.DLL
[0415/221714.750:ERROR:process_memory_win.cc(73)] ReadMemory at 0x7ffdde470000 of 64 bytes failed: Запрос ReadProcessMemory или WriteProcessMemory был выполнен только частично. (0x12B)
[0415/221714.750:WARNING:pe_image_reader.cc(340)] could not read dos header from C:\Windows\System32\SHELL32.dll
[0415/221714.750:ERROR:process_memory_win.cc(73)] ReadMemory at 0x7ffddbc40000 of 64 bytes failed: Запрос ReadProcessMemory или WriteProcessMemory был выполнен только частично. (0x12B)
[0415/221714.750:WARNING:pe_image_reader.cc(340)] could not read dos header from C:\Windows\System32\windows.storage.dll
[0415/221714.750:ERROR:process_memory_win.cc(73)] ReadMemory at 0x7ffddba90000 of 64 bytes failed: Запрос ReadProcessMemory или WriteProcessMemory был выполнен только частично. (0x12B)
[0415/221714.750:WARNING:pe_image_reader.cc(340)] could not read dos header from C:\Windows\System32\powrprof.dll
[0415/221714.750:ERROR:process_memory_win.cc(73)] ReadMemory at 0x7ffddba60000 of 64 bytes failed: Запрос ReadProcessMemory или WriteProcessMemory был выполнен только частично. (0x12B)
[0415/221714.750:WARNING:pe_image_reader.cc(340)] could not read dos header from C:\Windows\System32\UMPDC.dll
[0415/221714.751:ERROR:process_memory_win.cc(73)] ReadMemory at 0x7ffdddfb0000 of 64 bytes failed: Запрос ReadProcessMemory или WriteProcessMemory был выполнен только частично. (0x12B)
[0415/221714.751:WARNING:pe_image_reader.cc(340)] could not read dos header from C:\Windows\System32\shlwapi.dll
[0415/221714.751:ERROR:process_memory_win.cc(73)] ReadMemory at 0x7ffddc6e0000 of 64 bytes failed: Запрос ReadProcessMemory или WriteProcessMemory был выполнен только частично. (0x12B)
[0415/221714.751:WARNING:pe_image_reader.cc(340)] could not read dos header from C:\Windows\System32\cryptsp.dll
[0415/221714.751:ERROR:process_memory_win.cc(73)] ReadMemory at 0x7ffddb440000 of 64 bytes failed: Запрос ReadProcessMemory или WriteProcessMemory был выполнен только частично. (0x12B)
[0415/221714.751:WARNING:pe_image_reader.cc(340)] could not read dos header from C:\Windows\SYSTEM32\CRYPTBASE.DLL
[0415/221714.751:ERROR:process_memory_win.cc(73)] ReadMemory at 0x7ffdd83e0000 of 64 bytes failed: Запрос ReadProcessMemory или WriteProcessMemory был выполнен только частично. (0x12B)
[0415/221714.751:WARNING:pe_image_reader.cc(340)] could not read dos header from C:\Windows\system32\NLAapi.dll
[0415/221714.751:ERROR:process_memory_win.cc(73)] ReadMemory at 0x7ffdd61a0000 of 64 bytes failed: Запрос ReadProcessMemory или WriteProcessMemory был выполнен только частично. (0x12B)
[0415/221714.751:WARNING:pe_image_reader.cc(340)] could not read dos header from C:\Windows\SYSTEM32\dhcpcsvc6.DLL
[0415/221714.751:ERROR:process_memory_win.cc(73)] ReadMemory at 0x7ffddafd0000 of 64 bytes failed: Запрос ReadProcessMemory или WriteProcessMemory был выполнен только частично. (0x12B)
[0415/221714.751:WARNING:pe_image_reader.cc(340)] could not read dos header from C:\Windows\SYSTEM32\DNSAPI.dll
[0415/221714.751:ERROR:process_memory_win.cc(73)] ReadMemory at 0x7ffddb270000 of 64 bytes failed: Запрос ReadProcessMemory или WriteProcessMemory был выполнен только частично. (0x12B)
[0415/221714.751:WARNING:pe_image_reader.cc(340)] could not read dos header from C:\Windows\system32\mswsock.dll
[0415/221714.751:ERROR:process_memory_win.cc(73)] ReadMemory at 0x7ffdd37a0000 of 64 bytes failed: Запрос ReadProcessMemory или WriteProcessMemory был выполнен только частично. (0x12B)
[0415/221714.751:WARNING:pe_image_reader.cc(340)] could not read dos header from C:\Windows\System32\rasadhlp.dll
[0415/221714.751:ERROR:process_memory_win.cc(73)] ReadMemory at 0x7ffdd5ad0000 of 64 bytes failed: Запрос ReadProcessMemory или WriteProcessMemory был выполнен только частично. (0x12B)
[0415/221714.751:WARNING:pe_image_reader.cc(340)] could not read dos header from C:\Windows\System32\fwpuclnt.dll
[0415/221714.751:ERROR:process_memory_win.cc(73)] ReadMemory at 0x7ffddade0000 of 64 bytes failed: Запрос ReadProcessMemory или WriteProcessMemory был выполнен только частично. (0x12B)
[0415/221714.751:WARNING:pe_image_reader.cc(340)] could not read dos header from C:\Windows\system32\rsaenh.dll
[0415/221714.751:ERROR:process_memory_win.cc(73)] ReadMemory at 0x7ffdda660000 of 64 bytes failed: Запрос ReadProcessMemory или WriteProcessMemory был выполнен только частично. (0x12B)
[0415/221714.751:WARNING:pe_image_reader.cc(340)] could not read dos header from C:\Windows\SYSTEM32\gpapi.dll
[0415/221714.751:ERROR:process_memory_win.cc(73)] ReadMemory at 0x7ffdd61c0000 of 64 bytes failed: Запрос ReadProcessMemory или WriteProcessMemory был выполнен только частично. (0x12B)
[0415/221714.751:WARNING:pe_image_reader.cc(340)] could not read dos header from C:\Windows\System32\cryptnet.dll
[0415/221714.751:ERROR:process_memory_win.cc(73)] ReadMemory at 0x7ffdd6200000 of 64 bytes failed: Запрос ReadProcessMemory или WriteProcessMemory был выполнен только частично. (0x12B)
[0415/221714.751:WARNING:pe_image_reader.cc(340)] could not read dos header from C:\Windows\SYSTEM32\WINNSI.DLL
[0415/221714.801:ERROR:process_memory_win.cc(73)] ReadMemory at 0xa83ded000 of 77824 bytes failed: Запрос ReadProcessMemory или WriteProcessMemory был выполнен только частично. (0x12B)
[0415/221714.801:ERROR:process_memory_win.cc(73)] ReadMemory at 0xa845fe000 of 8192 bytes failed: Запрос ReadProcessMemory или WriteProcessMemory был выполнен только частично. (0x12B)
[0415/221714.801:ERROR:process_memory_win.cc(73)] ReadMemory at 0xa84dfd000 of 12288 bytes failed: Запрос ReadProcessMemory или WriteProcessMemory был выполнен только частично. (0x12B)
[0415/221714.801:ERROR:process_memory_win.cc(73)] ReadMemory at 0xa855f9000 of 28672 bytes failed: Запрос ReadProcessMemory или WriteProcessMemory был выполнен только частично. (0x12B)
[0415/221714.801:ERROR:process_memory_win.cc(73)] ReadMemory at 0xa85dfd000 of 12288 bytes failed: Запрос ReadProcessMemory или WriteProcessMemory был выполнен только частично. (0x12B)
[0415/221714.801:ERROR:process_memory_win.cc(73)] ReadMemory at 0xa865f8000 of 32768 bytes failed: Запрос ReadProcessMemory или WriteProcessMemory был выполнен только частично. (0x12B)
[0415/221714.801:ERROR:process_memory_win.cc(73)] ReadMemory at 0xa86dfd000 of 12288 bytes failed: Запрос ReadProcessMemory или WriteProcessMemory был выполнен только частично. (0x12B)
[0415/221714.801:ERROR:process_memory_win.cc(73)] ReadMemory at 0xa875fa000 of 24576 bytes failed: Запрос ReadProcessMemory или WriteProcessMemory был выполнен только частично. (0x12B)
[0415/221714.801:ERROR:process_memory_win.cc(73)] ReadMemory at 0xa87dfa000 of 24576 bytes failed: Запрос ReadProcessMemory или WriteProcessMemory был выполнен только частично. (0x12B)
[0415/221714.802:ERROR:process_memory_win.cc(73)] ReadMemory at 0xa88dfe000 of 8192 bytes failed: Запрос ReadProcessMemory или WriteProcessMemory был выполнен только частично. (0x12B)
[0415/221714.802:ERROR:process_memory_win.cc(73)] ReadMemory at 0xa895fe000 of 8192 bytes failed: Запрос ReadProcessMemory или WriteProcessMemory был выполнен только частично. (0x12B)
[0415/221714.802:ERROR:process_memory_win.cc(73)] ReadMemory at 0xa885fc000 of 16384 bytes failed: Запрос ReadProcessMemory или WriteProcessMemory был выполнен только частично. (0x12B)
[0415/221714.802:ERROR:process_memory_win.cc(73)] ReadMemory at 0xa89dfa000 of 24576 bytes failed: Запрос ReadProcessMemory или WriteProcessMemory был выполнен только частично. (0x12B)
[0415/221714.802:ERROR:process_memory_win.cc(73)] ReadMemory at 0xa8a5fb000 of 20480 bytes failed: Запрос ReadProcessMemory или WriteProcessMemory был выполнен только частично. (0x12B)
[0415/221714.802:ERROR:process_memory_win.cc(73)] ReadMemory at 0xa8351c000 of 852 bytes failed: Запрос ReadProcessMemory или WriteProcessMemory был выполнен только частично. (0x12B)
[0415/221714.802:ERROR:process_memory_win.cc(73)] ReadMemory at 0xa8351d000 of 6024 bytes failed: Запрос ReadProcessMemory или WriteProcessMemory был выполнен только частично. (0x12B)
[0415/221714.802:ERROR:process_memory_win.cc(73)] ReadMemory at 0xa8351f000 of 6024 bytes failed: Запрос ReadProcessMemory или WriteProcessMemory был выполнен только частично. (0x12B)
[0415/221714.802:ERROR:process_memory_win.cc(73)] ReadMemory at 0xa83521000 of 6024 bytes failed: Запрос ReadProcessMemory или WriteProcessMemory был выполнен только частично. (0x12B)
[0415/221714.802:ERROR:process_memory_win.cc(73)] ReadMemory at 0xa83523000 of 6024 bytes failed: Запрос ReadProcessMemory или WriteProcessMemory был выполнен только частично. (0x12B)
[0415/221714.802:ERROR:process_memory_win.cc(73)] ReadMemory at 0xa83525000 of 6024 bytes failed: Запрос ReadProcessMemory или WriteProcessMemory был выполнен только частично. (0x12B)
[0415/221714.802:ERROR:process_memory_win.cc(73)] ReadMemory at 0xa83527000 of 6024 bytes failed: Запрос ReadProcessMemory или WriteProcessMemory был выполнен только частично. (0x12B)
[0415/221714.802:ERROR:process_memory_win.cc(73)] ReadMemory at 0xa83529000 of 6024 bytes failed: Запрос ReadProcessMemory или WriteProcessMemory был выполнен только частично. (0x12B)
[0415/221714.802:ERROR:process_memory_win.cc(73)] ReadMemory at 0xa8352b000 of 6024 bytes failed: Запрос ReadProcessMemory или WriteProcessMemory был выполнен только частично. (0x12B)
[0415/221714.802:ERROR:process_memory_win.cc(73)] ReadMemory at 0xa8352d000 of 6024 bytes failed: Запрос ReadProcessMemory или WriteProcessMemory был выполнен только частично. (0x12B)
[0415/221714.802:ERROR:process_memory_win.cc(73)] ReadMemory at 0xa83531000 of 6024 bytes failed: Запрос ReadProcessMemory или WriteProcessMemory был выполнен только частично. (0x12B)
[0415/221714.802:ERROR:process_memory_win.cc(73)] ReadMemory at 0xa83533000 of 6024 bytes failed: Запрос ReadProcessMemory или WriteProcessMemory был выполнен только частично. (0x12B)
[0415/221714.802:ERROR:process_memory_win.cc(73)] ReadMemory at 0xa83535000 of 6024 bytes failed: Запрос ReadProcessMemory или WriteProcessMemory был выполнен только частично. (0x12B)
[0415/221714.803:ERROR:process_memory_win.cc(73)] ReadMemory at 0xa83537000 of 6024 bytes failed: Запрос ReadProcessMemory или WriteProcessMemory был выполнен только частично. (0x12B)
[0415/221714.803:ERROR:process_memory_win.cc(73)] ReadMemory at 0xa83539000 of 6024 bytes failed: Запрос ReadProcessMemory или WriteProcessMemory был выполнен только частично. (0x12B)
[0415/221714.803:ERROR:process_memory_win.cc(73)] ReadMemory at 0x1380bdd0ad0 of 1016 bytes failed: Запрос ReadProcessMemory или WriteProcessMemory был выполнен только частично. (0x12B)
[0415/221714.803:ERROR:process_memory_win.cc(73)] ReadMemory at 0x1380bdd0fe0 of 6376 bytes failed: Запрос ReadProcessMemory или WriteProcessMemory был выполнен только частично. (0x12B)
[0415/221714.803:ERROR:process_memory_win.cc(73)] ReadMemory at 0x1380bdd28d0 of 1012 bytes failed: Запрос ReadProcessMemory или WriteProcessMemory был выполнен только частично. (0x12B)
[0415/221714.803:ERROR:process_memory_win.cc(73)] ReadMemory at 0x1380bdd2f18 of 118 bytes failed: Запрос ReadProcessMemory или WriteProcessMemory был выполнен только частично. (0x12B)
[0415/221714.803:ERROR:process_memory_win.cc(73)] ReadMemory at 0x1380bdd2f90 of 816 bytes failed: Запрос ReadProcessMemory или WriteProcessMemory был выполнен только частично. (0x12B)
[0415/221714.803:ERROR:process_memory_win.cc(73)] ReadMemory at 0x1380bdd32c2 of 118 bytes failed: Запрос ReadProcessMemory или WriteProcessMemory был выполнен только частично. (0x12B)
[0415/221714.803:ERROR:process_memory_win.cc(73)] ReadMemory at 0x1380bdd333a of 30 bytes failed: Запрос ReadProcessMemory или WriteProcessMemory был выполнен только частично. (0x12B)
[0415/221714.803:ERROR:process_memory_win.cc(73)] ReadMemory at 0x1380bdd3370 of 58 bytes failed: Запрос ReadProcessMemory или WriteProcessMemory был выполнен только частично. (0x12B)
[0415/221714.803:ERROR:process_memory_win.cc(73)] ReadMemory at 0x1380bdd3470 of 132 bytes failed: Запрос ReadProcessMemory или WriteProcessMemory был выполнен только частично. (0x12B)
[0415/221714.803:ERROR:process_memory_win.cc(73)] ReadMemory at 0x1380bdd3600 of 132 bytes failed: Запрос ReadProcessMemory или WriteProcessMemory был выполнен только частично. (0x12B)
[0415/221714.803:ERROR:process_memory_win.cc(73)] ReadMemory at 0x1380bdd37c0 of 124 bytes failed: Запрос ReadProcessMemory или WriteProcessMemory был выполнен только частично. (0x12B)
[0415/221714.803:ERROR:process_memory_win.cc(73)] ReadMemory at 0x1380bdd3b10 of 152 bytes failed: Запрос ReadProcessMemory или WriteProcessMemory был выполнен только частично. (0x12B)
[0415/221714.803:ERROR:process_memory_win.cc(73)] ReadMemory at 0x1380bdd4360 of 132 bytes failed: Запрос ReadProcessMemory или WriteProcessMemory был выполнен только частично. (0x12B)
[0415/221714.803:ERROR:process_memory_win.cc(73)] ReadMemory at 0x1380bdd44f0 of 64 bytes failed: Запрос ReadProcessMemory или WriteProcessMemory был выполнен только частично. (0x12B)
[0415/221714.803:ERROR:process_memory_win.cc(73)] ReadMemory at 0x1380bdd4540 of 132 bytes failed: Запрос ReadProcessMemory или WriteProcessMemory был выполнен только частично. (0x12B)
[0415/221714.803:ERROR:process_memory_win.cc(73)] ReadMemory at 0x1380bdd46b0 of 132 bytes failed: Запрос ReadProcessMemory или WriteProcessMemory был выполнен только частично. (0x12B)
[0415/221714.804:ERROR:process_memory_win.cc(73)] ReadMemory at 0x1380bdd4950 of 132 bytes failed: Запрос ReadProcessMemory или WriteProcessMemory был выполнен только частично. (0x12B)
[0415/221714.804:ERROR:process_memory_win.cc(73)] ReadMemory at 0x1380bdd4ae0 of 68 bytes failed: Запрос ReadProcessMemory или WriteProcessMemory был выполнен только частично. (0x12B)
[0415/221714.804:ERROR:process_memory_win.cc(73)] ReadMemory at 0x1380bdda0e0 of 132 bytes failed: Запрос ReadProcessMemory или WriteProcessMemory был выполнен только частично. (0x12B)
[0415/221714.804:ERROR:process_memory_win.cc(73)] ReadMemory at 0x1380bdda6f0 of 62 bytes failed: Запрос ReadProcessMemory или WriteProcessMemory был выполнен только частично. (0x12B)
[0415/221714.804:ERROR:process_memory_win.cc(73)] ReadMemory at 0x1380bddd2a0 of 132 bytes failed: Запрос ReadProcessMemory или WriteProcessMemory был выполнен только частично. (0x12B)
[0415/221714.804:ERROR:process_memory_win.cc(73)] ReadMemory at 0x1380bddd440 of 132 bytes failed: Запрос ReadProcessMemory или WriteProcessMemory был выполнен только частично. (0x12B)
[0415/221714.804:ERROR:process_memory_win.cc(73)] ReadMemory at 0x1380bddd570 of 60 bytes failed: Запрос ReadProcessMemory или WriteProcessMemory был выполнен только частично. (0x12B)
[0415/221714.804:ERROR:process_memory_win.cc(73)] ReadMemory at 0x1380bddd870 of 132 bytes failed: Запрос ReadProcessMemory или WriteProcessMemory был выполнен только частично. (0x12B)
[0415/221714.804:ERROR:process_memory_win.cc(73)] ReadMemory at 0x1380bddd9a0 of 144 bytes failed: Запрос ReadProcessMemory или WriteProcessMemory был выполнен только частично. (0x12B)
[0415/221714.804:ERROR:process_memory_win.cc(73)] ReadMemory at 0x1380bdde580 of 80 bytes failed: Запрос ReadProcessMemory или WriteProcessMemory был выполнен только частично. (0x12B)
[0415/221714.804:ERROR:process_memory_win.cc(73)] ReadMemory at 0x1380bdded20 of 64 bytes failed: Запрос ReadProcessMemory или WriteProcessMemory был выполнен только частично. (0x12B)
[0415/221714.804:ERROR:process_memory_win.cc(73)] ReadMemory at 0x1380bddedc0 of 60 bytes failed: Запрос ReadProcessMemory или WriteProcessMemory был выполнен только частично. (0x12B)
[0415/221714.804:ERROR:process_memory_win.cc(73)] ReadMemory at 0x1380bddeeb0 of 64 bytes failed: Запрос ReadProcessMemory или WriteProcessMemory был выполнен только частично. (0x12B)
[0415/221714.804:ERROR:process_memory_win.cc(73)] ReadMemory at 0x1380bddefa0 of 66 bytes failed: Запрос ReadProcessMemory или WriteProcessMemory был выполнен только частично. (0x12B)
[0415/221714.804:ERROR:process_memory_win.cc(73)] ReadMemory at 0x1380bddeff0 of 62 bytes failed: Запрос ReadProcessMemory или WriteProcessMemory был выполнен только частично. (0x12B)
[0415/221714.805:ERROR:process_memory_win.cc(73)] ReadMemory at 0x1380bddf040 of 64 bytes failed: Запрос ReadProcessMemory или WriteProcessMemory был выполнен только частично. (0x12B)
[0415/221714.805:ERROR:process_memory_win.cc(73)] ReadMemory at 0x1380bddf090 of 62 bytes failed: Запрос ReadProcessMemory или WriteProcessMemory был выполнен только частично. (0x12B)
[0415/221714.805:ERROR:process_memory_win.cc(73)] ReadMemory at 0x1380bddf0e0 of 64 bytes failed: Запрос ReadProcessMemory или WriteProcessMemory был выполнен только частично. (0x12B)
[0415/221714.805:ERROR:process_memory_win.cc(73)] ReadMemory at 0x1380bddf310 of 60 bytes failed: Запрос ReadProcessMemory или WriteProcessMemory был выполнен только частично. (0x12B)
[0415/221714.805:ERROR:process_memory_win.cc(73)] ReadMemory at 0x1380bddf4fa of 512 bytes failed: Запрос ReadProcessMemory или WriteProcessMemory был выполнен только частично. (0x12B)
[0415/221714.805:ERROR:process_memory_win.cc(73)] ReadMemory at 0x1380bddfd20 of 132 bytes failed: Запрос ReadProcessMemory или WriteProcessMemory был выполнен только частично. (0x12B)
[0415/221714.805:ERROR:process_memory_win.cc(73)] ReadMemory at 0x1380bde0070 of 132 bytes failed: Запрос ReadProcessMemory или WriteProcessMemory был выполнен только частично. (0x12B)
[0415/221714.805:ERROR:process_memory_win.cc(73)] ReadMemory at 0x1380bde0200 of 132 bytes failed: Запрос ReadProcessMemory или WriteProcessMemory был выполнен только частично. (0x12B)
[0415/221714.805:ERROR:process_memory_win.cc(73)] ReadMemory at 0x1380bde3470 of 54 bytes failed: Запрос ReadProcessMemory или WriteProcessMemory был выполнен только частично. (0x12B)
[0415/221714.805:ERROR:process_memory_win.cc(73)] ReadMemory at 0x1380bde4270 of 132 bytes failed: Запрос ReadProcessMemory или WriteProcessMemory был выполнен только частично. (0x12B)
[0415/221714.805:ERROR:process_memory_win.cc(73)] ReadMemory at 0x1380bde43a0 of 132 bytes failed: Запрос ReadProcessMemory или WriteProcessMemory был выполнен только частично. (0x12B)
[0415/221714.805:ERROR:process_memory_win.cc(73)] ReadMemory at 0x1380bde8640 of 132 bytes failed: Запрос ReadProcessMemory или WriteProcessMemory был выполнен только частично. (0x12B)
[0415/221714.805:ERROR:process_memory_win.cc(73)] ReadMemory at 0x1380bde8770 of 132 bytes failed: Запрос ReadProcessMemory или WriteProcessMemory был выполнен только частично. (0x12B)
[0415/221714.805:ERROR:process_memory_win.cc(73)] ReadMemory at 0x1380bde88a0 of 132 bytes failed: Запрос ReadProcessMemory или WriteProcessMemory был выполнен только частично. (0x12B)
[0415/221714.805:ERROR:process_memory_win.cc(73)] ReadMemory at 0x1380bde89d0 of 132 bytes failed: Запрос ReadProcessMemory или WriteProcessMemory был выполнен только частично. (0x12B)
[0415/221714.805:ERROR:process_memory_win.cc(73)] ReadMemory at 0x1380bde8b00 of 132 bytes failed: Запрос ReadProcessMemory или WriteProcessMemory был выполнен только частично. (0x12B)
[0415/221714.806:ERROR:process_memory_win.cc(73)] ReadMemory at 0x1380bde8c30 of 132 bytes failed: Запрос ReadProcessMemory или WriteProcessMemory был выполнен только частично. (0x12B)
[0415/221714.806:ERROR:process_memory_win.cc(73)] ReadMemory at 0x1380bde8d60 of 132 bytes failed: Запрос ReadProcessMemory или WriteProcessMemory был выполнен только частично. (0x12B)
[0415/221714.806:ERROR:process_memory_win.cc(73)] ReadMemory at 0x1380bde8e90 of 132 bytes failed: Запрос ReadProcessMemory или WriteProcessMemory был выполнен только частично. (0x12B)
[0415/221714.806:ERROR:process_memory_win.cc(73)] ReadMemory at 0x1380bde8fc0 of 132 bytes failed: Запрос ReadProcessMemory или WriteProcessMemory был выполнен только частично. (0x12B)
[0415/221714.806:ERROR:process_memory_win.cc(73)] ReadMemory at 0x1380bde90f0 of 132 bytes failed: Запрос ReadProcessMemory или WriteProcessMemory был выполнен только частично. (0x12B)
[0415/221714.806:ERROR:process_memory_win.cc(73)] ReadMemory at 0x1380bde9220 of 132 bytes failed: Запрос ReadProcessMemory или WriteProcessMemory был выполнен только частично. (0x12B)
[0415/221714.806:ERROR:process_memory_win.cc(73)] ReadMemory at 0x1380bde9350 of 132 bytes failed: Запрос ReadProcessMemory или WriteProcessMemory был выполнен только частично. (0x12B)
[0415/221714.806:ERROR:process_memory_win.cc(73)] ReadMemory at 0x1380bde9480 of 132 bytes failed: Запрос ReadProcessMemory или WriteProcessMemory был выполнен только частично. (0x12B)
[0415/221714.806:ERROR:process_memory_win.cc(73)] ReadMemory at 0x1380bde9950 of 76 bytes failed: Запрос ReadProcessMemory или WriteProcessMemory был выполнен только частично. (0x12B)
[0415/221714.806:ERROR:process_memory_win.cc(73)] ReadMemory at 0x1380bde9e90 of 78 bytes failed: Запрос ReadProcessMemory или WriteProcessMemory был выполнен только частично. (0x12B)
[0415/221714.806:ERROR:process_memory_win.cc(73)] ReadMemory at 0x1380bdea370 of 80 bytes failed: Запрос ReadProcessMemory или WriteProcessMemory был выполнен только частично. (0x12B)
[0415/221714.806:ERROR:process_memory_win.cc(73)] ReadMemory at 0x1380bdea840 of 60 bytes failed: Запрос ReadProcessMemory или WriteProcessMemory был выполнен только частично. (0x12B)
[0415/221714.806:ERROR:process_memory_win.cc(73)] ReadMemory at 0x1380bdea8e0 of 62 bytes failed: Запрос ReadProcessMemory или WriteProcessMemory был выполнен только частично. (0x12B)
[0415/221714.806:ERROR:process_memory_win.cc(73)] ReadMemory at 0x1380bdea980 of 64 bytes failed: Запрос ReadProcessMemory или WriteProcessMemory был выполнен только частично. (0x12B)
[0415/221714.806:ERROR:process_memory_win.cc(73)] ReadMemory at 0x1380bdeab60 of 62 bytes failed: Запрос ReadProcessMemory или WriteProcessMemory был выполнен только частично. (0x12B)
[0415/221714.806:ERROR:process_memory_win.cc(73)] ReadMemory at 0x1380bdeabb0 of 64 bytes failed: Запрос ReadProcessMemory или WriteProcessMemory был выполнен только частично. (0x12B)
[0415/221714.806:ERROR:process_memory_win.cc(73)] ReadMemory at 0x1380bdeac00 of 60 bytes failed: Запрос ReadProcessMemory или WriteProcessMemory был выполнен только частично. (0x12B)
[0415/221714.806:ERROR:process_memory_win.cc(73)] ReadMemory at 0x1380bdeac50 of 62 bytes failed: Запрос ReadProcessMemory или WriteProcessMemory был выполнен только частично. (0x12B)
[0415/221714.806:ERROR:process_memory_win.cc(73)] ReadMemory at 0x1380bdeacf0 of 66 bytes failed: Запрос ReadProcessMemory или WriteProcessMemory был выполнен только частично. (0x12B)
[0415/221714.807:ERROR:process_memory_win.cc(73)] ReadMemory at 0x1380bdeade0 of 62 bytes failed: Запрос ReadProcessMemory или WriteProcessMemory был выполнен только частично. (0x12B)
[0415/221714.807:ERROR:process_memory_win.cc(73)] ReadMemory at 0x1380bdeaed0 of 62 bytes failed: Запрос ReadProcessMemory или WriteProcessMemory был выполнен только частично. (0x12B)
[0415/221714.807:ERROR:process_memory_win.cc(73)] ReadMemory at 0x1380bdeaf20 of 62 bytes failed: Запрос ReadProcessMemory или WriteProcessMemory был выполнен только частично. (0x12B)
[0415/221714.807:ERROR:process_memory_win.cc(73)] ReadMemory at 0x1380bdeb060 of 62 bytes failed: Запрос ReadProcessMemory или WriteProcessMemory был выполнен только частично. (0x12B)
[0415/221714.807:ERROR:process_memory_win.cc(73)] ReadMemory at 0x1380bdeb100 of 60 bytes failed: Запрос ReadProcessMemory или WriteProcessMemory был выполнен только частично. (0x12B)
[0415/221714.807:ERROR:process_memory_win.cc(73)] ReadMemory at 0x1380bdeb2e0 of 58 bytes failed: Запрос ReadProcessMemory или WriteProcessMemory был выполнен только частично. (0x12B)
[0415/221714.807:ERROR:process_memory_win.cc(73)] ReadMemory at 0x1380bdeb330 of 58 bytes failed: Запрос ReadProcessMemory или WriteProcessMemory был выполнен только частично. (0x12B)
[0415/221714.807:ERROR:process_memory_win.cc(73)] ReadMemory at 0x1380bdeb380 of 64 bytes failed: Запрос ReadProcessMemory или WriteProcessMemory был выполнен только частично. (0x12B)
[0415/221714.807:ERROR:process_memory_win.cc(73)] ReadMemory at 0x1380bdeb3d0 of 64 bytes failed: Запрос ReadProcessMemory или WriteProcessMemory был выполнен только частично. (0x12B)
[0415/221714.807:ERROR:process_memory_win.cc(73)] ReadMemory at 0x1380bdeb420 of 62 bytes failed: Запрос ReadProcessMemory или WriteProcessMemory был выполнен только частично. (0x12B)
[0415/221714.807:ERROR:process_memory_win.cc(73)] ReadMemory at 0x1380bdeb510 of 60 bytes failed: Запрос ReadProcessMemory или WriteProcessMemory был выполнен только частично. (0x12B)
[0415/221714.807:ERROR:process_memory_win.cc(73)] ReadMemory at 0x1380bdebb60 of 132 bytes failed: Запрос ReadProcessMemory или WriteProcessMemory был выполнен только частично. (0x12B)
[0415/221714.807:ERROR:process_memory_win.cc(73)] ReadMemory at 0x1380bdebc90 of 132 bytes failed: Запрос ReadProcessMemory или WriteProcessMemory был выполнен только частично. (0x12B)
[0415/221714.807:ERROR:process_memory_win.cc(73)] ReadMemory at 0x1380bdebdc0 of 132 bytes failed: Запрос ReadProcessMemory или WriteProcessMemory был выполнен только частично. (0x12B)
[0415/221714.807:ERROR:process_memory_win.cc(73)] ReadMemory at 0x1380bdebef0 of 132 bytes failed: Запрос ReadProcessMemory или WriteProcessMemory был выполнен только частично. (0x12B)
[0415/221714.807:ERROR:process_memory_win.cc(73)] ReadMemory at 0x1380bdec020 of 132 bytes failed: Запрос ReadProcessMemory или WriteProcessMemory был выполнен только частично. (0x12B)
[0415/221714.807:ERROR:process_memory_win.cc(73)] ReadMemory at 0x1380bdec150 of 132 bytes failed: Запрос ReadProcessMemory или WriteProcessMemory был выполнен только частично. (0x12B)
[0415/221714.807:ERROR:process_memory_win.cc(73)] ReadMemory at 0x1380bdec280 of 132 bytes failed: Запрос ReadProcessMemory или WriteProcessMemory был выполнен только частично. (0x12B)
[0415/221714.807:ERROR:process_memory_win.cc(73)] ReadMemory at 0x1380bdec3b0 of 132 bytes failed: Запрос ReadProcessMemory или WriteProcessMemory был выполнен только частично. (0x12B)
[0415/221714.808:ERROR:process_memory_win.cc(73)] ReadMemory at 0x1380bdec4e0 of 132 bytes failed: Запрос ReadProcessMemory или WriteProcessMemory был выполнен только частично. (0x12B)
[0415/221714.808:ERROR:process_memory_win.cc(73)] ReadMemory at 0x1380bdec610 of 132 bytes failed: Запрос ReadProcessMemory или WriteProcessMemory был выполнен только частично. (0x12B)
[0415/221714.808:ERROR:process_memory_win.cc(73)] ReadMemory at 0x1380bdec740 of 132 bytes failed: Запрос ReadProcessMemory или WriteProcessMemory был выполнен только частично. (0x12B)
[0415/221714.808:ERROR:process_memory_win.cc(73)] ReadMemory at 0x1380bdec870 of 132 bytes failed: Запрос ReadProcessMemory или WriteProcessMemory был выполнен только частично. (0x12B)
[0415/221714.808:ERROR:process_memory_win.cc(73)] ReadMemory at 0x1380bdecad0 of 132 bytes failed: Запрос ReadProcessMemory или WriteProcessMemory был выполнен только частично. (0x12B)
[0415/221714.808:ERROR:process_memory_win.cc(73)] ReadMemory at 0x1380bdecc00 of 132 bytes failed: Запрос ReadProcessMemory или WriteProcessMemory был выполнен только частично. (0x12B)
[0415/221714.808:ERROR:process_memory_win.cc(73)] ReadMemory at 0x1380bdecd30 of 132 bytes failed: Запрос ReadProcessMemory или WriteProcessMemory был выполнен только частично. (0x12B)
[0415/221714.808:ERROR:process_memory_win.cc(73)] ReadMemory at 0x1380bdece60 of 132 bytes failed: Запрос ReadProcessMemory или WriteProcessMemory был выполнен только частично. (0x12B)
[0415/221714.808:ERROR:process_memory_win.cc(73)] ReadMemory at 0x1380bdecf90 of 132 bytes failed: Запрос ReadProcessMemory или WriteProcessMemory был выполнен только частично. (0x12B)
[0415/221714.808:ERROR:process_memory_win.cc(73)] ReadMemory at 0x1380bded0c0 of 132 bytes failed: Запрос ReadProcessMemory или WriteProcessMemory был выполнен только частично. (0x12B)
[0415/221714.808:ERROR:process_memory_win.cc(73)] ReadMemory at 0x1380bded1f0 of 132 bytes failed: Запрос ReadProcessMemory или WriteProcessMemory был выполнен только частично. (0x12B)
[0415/221714.808:ERROR:process_memory_win.cc(73)] ReadMemory at 0x1380bded320 of 132 bytes failed: Запрос ReadProcessMemory или WriteProcessMemory был выполнен только частично. (0x12B)
[0415/221714.808:ERROR:process_memory_win.cc(73)] ReadMemory at 0x1380bded450 of 132 bytes failed: Запрос ReadProcessMemory или WriteProcessMemory был выполнен только частично. (0x12B)
[0415/221714.808:ERROR:process_memory_win.cc(73)] ReadMemory at 0x1380bded580 of 132 bytes failed: Запрос ReadProcessMemory или WriteProcessMemory был выполнен только частично. (0x12B)
[0415/221714.808:ERROR:process_memory_win.cc(73)] ReadMemory at 0x1380bded6b0 of 132 bytes failed: Запрос ReadProcessMemory или WriteProcessMemory был выполнен только частично. (0x12B)
[0415/221714.808:ERROR:process_memory_win.cc(73)] ReadMemory at 0x1380bded7e0 of 132 bytes failed: Запрос ReadProcessMemory или WriteProcessMemory был выполнен только частично. (0x12B)
[0415/221714.808:ERROR:process_memory_win.cc(73)] ReadMemory at 0x1380bded910 of 132 bytes failed: Запрос ReadProcessMemory или WriteProcessMemory был выполнен только частично. (0x12B)
[0415/221714.808:ERROR:process_memory_win.cc(73)] ReadMemory at 0x1380be00c50 of 62 bytes failed: Запрос ReadProcessMemory или WriteProcessMemory был выполнен только частично. (0x12B)
[0415/221714.809:ERROR:process_memory_win.cc(73)] ReadMemory at 0x1380be00ca0 of 60 bytes failed: Запрос ReadProcessMemory или WriteProcessMemory был выполнен только частично. (0x12B)
[0415/221714.809:ERROR:process_memory_win.cc(73)] ReadMemory at 0x1380be00d90 of 60 bytes failed: Запрос ReadProcessMemory или WriteProcessMemory был выполнен только частично. (0x12B)
[0415/221714.809:ERROR:process_memory_win.cc(73)] ReadMemory at 0x1380be00e30 of 66 bytes failed: Запрос ReadProcessMemory или WriteProcessMemory был выполнен только частично. (0x12B)
[0415/221714.809:ERROR:process_memory_win.cc(73)] ReadMemory at 0x1380be01010 of 58 bytes failed: Запрос ReadProcessMemory или WriteProcessMemory был выполнен только частично. (0x12B)
[0415/221714.809:ERROR:process_memory_win.cc(73)] ReadMemory at 0x1380be01100 of 64 bytes failed: Запрос ReadProcessMemory или WriteProcessMemory был выполнен только частично. (0x12B)
[0415/221714.809:ERROR:process_memory_win.cc(73)] ReadMemory at 0x1380be011f0 of 60 bytes failed: Запрос ReadProcessMemory или WriteProcessMemory был выполнен только частично. (0x12B)
[0415/221714.809:ERROR:process_memory_win.cc(73)] ReadMemory at 0x1380be01290 of 62 bytes failed: Запрос ReadProcessMemory или WriteProcessMemory был выполнен только частично. (0x12B)
[0415/221714.809:ERROR:process_memory_win.cc(73)] ReadMemory at 0x1380be012e0 of 58 bytes failed: Запрос ReadProcessMemory или WriteProcessMemory был выполнен только частично. (0x12B)
[0415/221714.809:ERROR:process_memory_win.cc(73)] ReadMemory at 0x1380be01330 of 62 bytes failed: Запрос ReadProcessMemory или WriteProcessMemory был выполнен только частично. (0x12B)
[0415/221714.809:ERROR:process_memory_win.cc(73)] ReadMemory at 0x1380be016f0 of 58 bytes failed: Запрос ReadProcessMemory или WriteProcessMemory был выполнен только частично. (0x12B)
[0415/221714.809:ERROR:process_memory_win.cc(73)] ReadMemory at 0x1380be01880 of 66 bytes failed: Запрос ReadProcessMemory или WriteProcessMemory был выполнен только частично. (0x12B)
[0415/221714.809:ERROR:process_memory_win.cc(73)] ReadMemory at 0x1380be047c0 of 512 bytes failed: Запрос ReadProcessMemory или WriteProcessMemory был выполнен только частично. (0x12B)
[0415/221714.809:ERROR:process_memory_win.cc(73)] ReadMemory at 0x1380be10320 of 512 bytes failed: Запрос ReadProcessMemory или WriteProcessMemory был выполнен только частично. (0x12B)
[0415/221714.809:ERROR:process_memory_win.cc(73)] ReadMemory at 0x1380be106a0 of 512 bytes failed: Запрос ReadProcessMemory или WriteProcessMemory был выполнен только частично. (0x12B)
[0415/221714.809:ERROR:process_memory_win.cc(73)] ReadMemory at 0x1380be251c0 of 132 bytes failed: Запрос ReadProcessMemory или WriteProcessMemory был выполнен только частично. (0x12B)
[0415/221714.809:ERROR:process_memory_win.cc(73)] ReadMemory at 0x1380be25a10 of 132 bytes failed: Запрос ReadProcessMemory или WriteProcessMemory был выполнен только частично. (0x12B)
[0415/221714.809:ERROR:process_memory_win.cc(73)] ReadMemory at 0x1380be25b40 of 132 bytes failed: Запрос ReadProcessMemory или WriteProcessMemory был выполнен только частично. (0x12B)
[0415/221714.809:ERROR:process_memory_win.cc(73)] ReadMemory at 0x1380be25c70 of 132 bytes failed: Запрос ReadProcessMemory или WriteProcessMemory был выполнен только частично. (0x12B)
[0415/221714.810:ERROR:process_memory_win.cc(73)] ReadMemory at 0x1380be25da0 of 132 bytes failed: Запрос ReadProcessMemory или WriteProcessMemory был выполнен только частично. (0x12B)
[0415/221714.810:ERROR:process_memory_win.cc(73)] ReadMemory at 0x1380be25ed0 of 132 bytes failed: Запрос ReadProcessMemory или WriteProcessMemory был выполнен только частично. (0x12B)
[0415/221714.810:ERROR:process_memory_win.cc(73)] ReadMemory at 0x1380be26130 of 132 bytes failed: Запрос ReadProcessMemory или WriteProcessMemory был выполнен только частично. (0x12B)
[0415/221714.810:ERROR:process_memory_win.cc(73)] ReadMemory at 0x1380be26260 of 132 bytes failed: Запрос ReadProcessMemory или WriteProcessMemory был выполнен только частично. (0x12B)
[0415/221714.810:ERROR:process_memory_win.cc(73)] ReadMemory at 0x1380be276a0 of 64 bytes failed: Запрос ReadProcessMemory или WriteProcessMemory был выполнен только частично. (0x12B)
[0415/221714.810:ERROR:process_memory_win.cc(73)] ReadMemory at 0x1380be27ba0 of 64 bytes failed: Запрос ReadProcessMemory или WriteProcessMemory был выполнен только частично. (0x12B)
[0415/221714.810:ERROR:process_memory_win.cc(73)] ReadMemory at 0x1380be27e70 of 62 bytes failed: Запрос ReadProcessMemory или WriteProcessMemory был выполнен только частично. (0x12B)
[0415/221714.810:ERROR:process_memory_win.cc(73)] ReadMemory at 0x1380be28230 of 60 bytes failed: Запрос ReadProcessMemory или WriteProcessMemory был выполнен только частично. (0x12B)
[0415/221714.810:ERROR:process_memory_win.cc(73)] ReadMemory at 0x1380be285a0 of 66 bytes failed: Запрос ReadProcessMemory или WriteProcessMemory был выполнен только частично. (0x12B)
[0415/221714.810:ERROR:process_memory_win.cc(73)] ReadMemory at 0x1380be2b4c0 of 512 bytes failed: Запрос ReadProcessMemory или WriteProcessMemory был выполнен только частично. (0x12B)
[0415/221714.810:ERROR:process_memory_win.cc(73)] ReadMemory at 0x1380be4ab00 of 60 bytes failed: Запрос ReadProcessMemory или WriteProcessMemory был выполнен только частично. (0x12B)
[0415/221714.810:ERROR:process_memory_win.cc(73)] ReadMemory at 0x1380be56100 of 512 bytes failed: Запрос ReadProcessMemory или WriteProcessMemory был выполнен только частично. (0x12B)
[0415/221714.810:ERROR:process_memory_win.cc(73)] ReadMemory at 0x1380be56580 of 512 bytes failed: Запрос ReadProcessMemory или WriteProcessMemory был выполнен только частично. (0x12B)
[0415/221714.810:ERROR:process_memory_win.cc(73)] ReadMemory at 0x1380be56bf0 of 512 bytes failed: Запрос ReadProcessMemory или WriteProcessMemory был выполнен только частично. (0x12B)
[0415/221714.810:ERROR:process_memory_win.cc(73)] ReadMemory at 0x1380be56f70 of 512 bytes failed: Запрос ReadProcessMemory или WriteProcessMemory был выполнен только частично. (0x12B)
[0415/221714.810:ERROR:process_memory_win.cc(73)] ReadMemory at 0x1380be5b260 of 512 bytes failed: Запрос ReadProcessMemory или WriteProcessMemory был выполнен только частично. (0x12B)
[0415/221714.810:ERROR:process_memory_win.cc(73)] ReadMemory at 0x1380be5b5e0 of 512 bytes failed: Запрос ReadProcessMemory или WriteProcessMemory был выполнен только частично. (0x12B)
[0415/221714.810:ERROR:process_memory_win.cc(73)] ReadMemory at 0x1380be5b8e0 of 808 bytes failed: Запрос ReadProcessMemory или WriteProcessMemory был выполнен только частично. (0x12B)
[0415/221714.810:ERROR:process_memory_win.cc(73)] ReadMemory at 0x1380be784d0 of 58 bytes failed: Запрос ReadProcessMemory или WriteProcessMemory был выполнен только частично. (0x12B)
[0415/221714.811:ERROR:process_memory_win.cc(73)] ReadMemory at 0x1380bea8be0 of 64 bytes failed: Запрос ReadProcessMemory или WriteProcessMemory был выполнен только частично. (0x12B)
[0415/221714.811:ERROR:process_memory_win.cc(73)] ReadMemory at 0x1380beb97b6 of 512 bytes failed: Запрос ReadProcessMemory или WriteProcessMemory был выполнен только частично. (0x12B)
[0415/221714.811:ERROR:process_memory_win.cc(73)] ReadMemory at 0x1380c3bf330 of 512 bytes failed: Запрос ReadProcessMemory или WriteProcessMemory был выполнен только частично. (0x12B)
[0415/221714.811:ERROR:process_memory_win.cc(73)] ReadMemory at 0x1380c3bff50 of 512 bytes failed: Запрос ReadProcessMemory или WriteProcessMemory был выполнен только частично. (0x12B)
[0415/221714.811:ERROR:process_memory_win.cc(73)] ReadMemory at 0x1380c3c9150 of 512 bytes failed: Запрос ReadProcessMemory или WriteProcessMemory был выполнен только частично. (0x12B)
[0415/221714.811:ERROR:process_memory_win.cc(73)] ReadMemory at 0x1380c40d1c0 of 512 bytes failed: Запрос ReadProcessMemory или WriteProcessMemory был выполнен только частично. (0x12B)
[0415/221714.811:ERROR:process_memory_win.cc(73)] ReadMemory at 0x1380c41a700 of 512 bytes failed: Запрос ReadProcessMemory или WriteProcessMemory был выполнен только частично. (0x12B)
[0415/221714.811:ERROR:process_memory_win.cc(73)] ReadMemory at 0x1380c432a00 of 512 bytes failed: Запрос ReadProcessMemory или WriteProcessMemory был выполнен только частично. (0x12B)
[0415/221714.811:ERROR:process_memory_win.cc(73)] ReadMemory at 0x1380c4c0000 of 384 bytes failed: Запрос ReadProcessMemory или WriteProcessMemory был выполнен только частично. (0x12B)
[0415/221714.811:ERROR:process_memory_win.cc(73)] ReadMemory at 0x1380c4c60b0 of 512 bytes failed: Запрос ReadProcessMemory или WriteProcessMemory был выполнен только частично. (0x12B)
[0415/221714.811:ERROR:process_memory_win.cc(73)] ReadMemory at 0x1380c66b6b0 of 512 bytes failed: Запрос ReadProcessMemory или WriteProcessMemory был выполнен только частично. (0x12B)
[0415/221714.811:ERROR:process_memory_win.cc(73)] ReadMemory at 0x1380c66b8f0 of 512 bytes failed: Запрос ReadProcessMemory или WriteProcessMemory был выполнен только частично. (0x12B)
[0415/221714.811:ERROR:process_memory_win.cc(73)] ReadMemory at 0x1380f1c0000 of 384 bytes failed: Запрос ReadProcessMemory или WriteProcessMemory был выполнен только частично. (0x12B)
[0415/221714.811:ERROR:process_memory_win.cc(73)] ReadMemory at 0x1380f227150 of 512 bytes failed: Запрос ReadProcessMemory или WriteProcessMemory был выполнен только частично. (0x12B)
[0415/221714.811:ERROR:process_memory_win.cc(73)] ReadMemory at 0x7ffd7b207c2b of 512 bytes failed: Запрос ReadProcessMemory или WriteProcessMemory был выполнен только частично. (0x12B)
[0415/221714.811:ERROR:process_memory_win.cc(73)] ReadMemory at 0x7ffd7b642dfe of 512 bytes failed: Запрос ReadProcessMemory или WriteProcessMemory был выполнен только частично. (0x12B)
[0415/221714.811:ERROR:process_memory_win.cc(73)] ReadMemory at 0x7ffd819e809b of 512 bytes failed: Запрос ReadProcessMemory или WriteProcessMemory был выполнен только частично. (0x12B)
[0415/221714.812:ERROR:process_memory_win.cc(73)] ReadMemory at 0x7ffd81b72118 of 512 bytes failed: Запрос ReadProcessMemory или WriteProcessMemory был выполнен только частично. (0x12B)
[0415/221714.812:ERROR:process_memory_win.cc(73)] ReadMemory at 0x7ffd82673d28 of 520 bytes failed: Запрос ReadProcessMemory или WriteProcessMemory был выполнен только частично. (0x12B)
[0415/221714.812:ERROR:process_memory_win.cc(73)] ReadMemory at 0x7ffd8278e9c0 of 512 bytes failed: Запрос ReadProcessMemory или WriteProcessMemory был выполнен только частично. (0x12B)
[0415/221714.812:ERROR:process_memory_win.cc(73)] ReadMemory at 0x7ffd8294a4a0 of 512 bytes failed: Запрос ReadProcessMemory или WriteProcessMemory был выполнен только частично. (0x12B)
[0415/221714.812:ERROR:process_memory_win.cc(73)] ReadMemory at 0x7ffddcc0b6e0 of 512 bytes failed: Запрос ReadProcessMemory или WriteProcessMemory был выполнен только частично. (0x12B)
[0415/221714.812:ERROR:process_memory_win.cc(73)] ReadMemory at 0x7ffddd03fc24 of 512 bytes failed: Запрос ReadProcessMemory или WriteProcessMemory был выполнен только частично. (0x12B)
[0415/221714.812:ERROR:process_memory_win.cc(73)] ReadMemory at 0x7ffddec3c074 of 672 bytes failed: Запрос ReadProcessMemory или WriteProcessMemory был выполнен только частично. (0x12B)
[0415/221714.812:ERROR:process_memory_win.cc(73)] ReadMemory at 0x7ffddec3c674 of 512 bytes failed: Запрос ReadProcessMemory или WriteProcessMemory был выполнен только частично. (0x12B)
[0415/221714.812:ERROR:process_memory_win.cc(73)] ReadMemory at 0x7ffddec3d124 of 512 bytes failed: Запрос ReadProcessMemory или WriteProcessMemory был выполнен только частично. (0x12B)
[0415/221714.812:ERROR:process_memory_win.cc(73)] ReadMemory at 0x7ffddec3f984 of 512 bytes failed: Запрос ReadProcessMemory или WriteProcessMemory был выполнен только частично. (0x12B)
[0415/221714.812:ERROR:process_memory_win.cc(73)] ReadMemory at 0x7ffddeccc428 of 18 bytes failed: Запрос ReadProcessMemory или WriteProcessMemory был выполнен только частично. (0x12B)
[0415/221714.812:ERROR:process_memory_win.cc(73)] ReadMemory at 0x7ffddecff4f8 of 40 bytes failed: Запрос ReadProcessMemory или WriteProcessMemory был выполнен только частично. (0x12B)
[0415/221714.812:ERROR:process_memory_win.cc(73)] ReadMemory at 0x7ffddecff978 of 48 bytes failed: Запрос ReadProcessMemory или WriteProcessMemory был выполнен только частично. (0x12B)
[0415/221714.812:ERROR:process_memory_win.cc(73)] ReadMemory at 0x7ffdded053c0 of 64 bytes failed: Запрос ReadProcessMemory или WriteProcessMemory был выполнен только частично. (0x12B)
[0415/221714.813:ERROR:file_io_win.cc(161)] CreateFile C:\Users\bazha\AppData\Local\Temp\scoped_dir5888_48790996\Crashpad\settings.dat: Не удается найти указанный файл. (0x2)
[0415/221714.813:ERROR:scoped_process_suspend.cc(40)] NtResumeProcess: Попытка доступа к процессу, выполняющему процедуру завершения. (0xc000010a)
[0416/121805.557:ERROR:process_reader_win.cc(151)] SuspendThread: Отказано в доступе. (0x5)
[0416/121805.571:ERROR:exception_snapshot_win.cc(98)] thread ID 9360 not found in process
[0416/121805.571:ERROR:scoped_process_suspend.cc(40)] NtResumeProcess: Попытка доступа к процессу, выполняющему процедуру завершения. (0xc000010a)
[0416/173034.126:ERROR:file_io_win.cc(161)] CreateFile C:\Users\bazha\AppData\Local\Temp\scoped_dir14176_617446109\Crashpad\settings.dat: Не удается найти указанный файл. (0x2)
[0416/210219.643:ERROR:process_reader_win.cc(151)] SuspendThread: Отказано в доступе. (0x5)
[0416/210219.652:ERROR:exception_snapshot_win.cc(98)] thread ID 6088 not found in process
